{"/Users/jordan/repos/dashboard/server/context.ts": {"path":"/Users/jordan/repos/dashboard/server/context.ts","all":false,"statementMap":{"0":{"start":{"line":1,"column":0},"end":{"line":1,"column":46}},"1":{"start":{"line":2,"column":0},"end":{"line":2,"column":60}},"2":{"start":{"line":3,"column":0},"end":{"line":3,"column":32}},"3":{"start":{"line":4,"column":0},"end":{"line":4,"column":34}},"4":{"start":{"line":5,"column":0},"end":{"line":5,"column":56}},"5":{"start":{"line":6,"column":0},"end":{"line":6,"column":65}},"6":{"start":{"line":7,"column":0},"end":{"line":7,"column":29}},"7":{"start":{"line":8,"column":0},"end":{"line":8,"column":0}},"8":{"start":{"line":9,"column":0},"end":{"line":9,"column":73}},"9":{"start":{"line":10,"column":0},"end":{"line":10,"column":0}},"10":{"start":{"line":11,"column":0},"end":{"line":11,"column":23}},"11":{"start":{"line":12,"column":0},"end":{"line":12,"column":16}},"12":{"start":{"line":13,"column":0},"end":{"line":13,"column":23}},"13":{"start":{"line":14,"column":0},"end":{"line":14,"column":15}},"14":{"start":{"line":15,"column":0},"end":{"line":15,"column":23}},"15":{"start":{"line":16,"column":0},"end":{"line":16,"column":14}},"16":{"start":{"line":17,"column":0},"end":{"line":17,"column":2}},"17":{"start":{"line":18,"column":0},"end":{"line":18,"column":0}},"18":{"start":{"line":19,"column":0},"end":{"line":19,"column":39}},"19":{"start":{"line":20,"column":0},"end":{"line":20,"column":30}},"20":{"start":{"line":21,"column":0},"end":{"line":21,"column":0}},"21":{"start":{"line":22,"column":0},"end":{"line":22,"column":10}},"22":{"start":{"line":23,"column":0},"end":{"line":23,"column":14}},"23":{"start":{"line":24,"column":0},"end":{"line":24,"column":11}},"24":{"start":{"line":25,"column":0},"end":{"line":25,"column":14}},"25":{"start":{"line":26,"column":0},"end":{"line":26,"column":24}},"26":{"start":{"line":27,"column":0},"end":{"line":27,"column":14}},"27":{"start":{"line":28,"column":0},"end":{"line":28,"column":4}},"28":{"start":{"line":29,"column":0},"end":{"line":29,"column":2}}},"s":{"0":1,"1":1,"2":1,"3":1,"4":1,"5":1,"6":1,"7":1,"8":1,"9":1,"10":1,"11":1,"12":1,"13":1,"14":1,"15":1,"16":1,"17":1,"18":1,"19":1,"20":1,"21":1,"22":1,"23":1,"24":1,"25":1,"26":1,"27":1,"28":1},"branchMap":{"0":{"type":"branch","line":19,"loc":{"start":{"line":19,"column":23},"end":{"line":29,"column":2}},"locations":[{"start":{"line":19,"column":23},"end":{"line":29,"column":2}}]}},"b":{"0":[1]},"fnMap":{"0":{"name":"context","decl":{"start":{"line":19,"column":23},"end":{"line":29,"column":2}},"loc":{"start":{"line":19,"column":23},"end":{"line":29,"column":2}},"line":19}},"f":{"0":1}}
,"/Users/jordan/repos/dashboard/server/chat/chat-processor.ts": {"path":"/Users/jordan/repos/dashboard/server/chat/chat-processor.ts","all":false,"statementMap":{"0":{"start":{"line":1,"column":0},"end":{"line":1,"column":36}},"1":{"start":{"line":2,"column":0},"end":{"line":2,"column":41}},"2":{"start":{"line":3,"column":0},"end":{"line":3,"column":0}},"3":{"start":{"line":4,"column":0},"end":{"line":4,"column":45}},"4":{"start":{"line":5,"column":0},"end":{"line":5,"column":60}},"5":{"start":{"line":6,"column":0},"end":{"line":6,"column":23}},"6":{"start":{"line":7,"column":0},"end":{"line":7,"column":28}},"7":{"start":{"line":8,"column":0},"end":{"line":8,"column":0}},"8":{"start":{"line":9,"column":0},"end":{"line":9,"column":16}},"9":{"start":{"line":10,"column":0},"end":{"line":10,"column":40}},"10":{"start":{"line":11,"column":0},"end":{"line":11,"column":18}},"11":{"start":{"line":12,"column":0},"end":{"line":12,"column":2}},"12":{"start":{"line":13,"column":0},"end":{"line":13,"column":0}},"13":{"start":{"line":14,"column":0},"end":{"line":14,"column":45}},"14":{"start":{"line":15,"column":0},"end":{"line":15,"column":42}},"15":{"start":{"line":16,"column":0},"end":{"line":16,"column":41}},"16":{"start":{"line":17,"column":0},"end":{"line":17,"column":0}},"17":{"start":{"line":18,"column":0},"end":{"line":18,"column":22}},"18":{"start":{"line":19,"column":0},"end":{"line":19,"column":26}},"19":{"start":{"line":20,"column":0},"end":{"line":20,"column":125}},"20":{"start":{"line":21,"column":0},"end":{"line":21,"column":0}},"21":{"start":{"line":22,"column":0},"end":{"line":22,"column":10}},"22":{"start":{"line":23,"column":0},"end":{"line":23,"column":0}},"23":{"start":{"line":24,"column":0},"end":{"line":24,"column":49}},"24":{"start":{"line":25,"column":0},"end":{"line":25,"column":45}},"25":{"start":{"line":26,"column":0},"end":{"line":26,"column":79}},"26":{"start":{"line":27,"column":0},"end":{"line":27,"column":40}},"27":{"start":{"line":28,"column":0},"end":{"line":28,"column":109}},"28":{"start":{"line":29,"column":0},"end":{"line":29,"column":94}},"29":{"start":{"line":30,"column":0},"end":{"line":30,"column":53}},"30":{"start":{"line":31,"column":0},"end":{"line":31,"column":40}},"31":{"start":{"line":32,"column":0},"end":{"line":32,"column":48}},"32":{"start":{"line":33,"column":0},"end":{"line":33,"column":48}},"33":{"start":{"line":34,"column":0},"end":{"line":34,"column":79}},"34":{"start":{"line":35,"column":0},"end":{"line":35,"column":0}},"35":{"start":{"line":36,"column":0},"end":{"line":36,"column":14}},"36":{"start":{"line":37,"column":0},"end":{"line":37,"column":41}},"37":{"start":{"line":38,"column":0},"end":{"line":38,"column":42}},"38":{"start":{"line":39,"column":0},"end":{"line":39,"column":42}},"39":{"start":{"line":40,"column":0},"end":{"line":40,"column":0}},"40":{"start":{"line":41,"column":0},"end":{"line":41,"column":44}},"41":{"start":{"line":42,"column":0},"end":{"line":42,"column":14}},"42":{"start":{"line":43,"column":0},"end":{"line":43,"column":10}},"43":{"start":{"line":44,"column":0},"end":{"line":44,"column":9}},"44":{"start":{"line":45,"column":0},"end":{"line":45,"column":12}},"45":{"start":{"line":46,"column":0},"end":{"line":46,"column":9}},"46":{"start":{"line":47,"column":0},"end":{"line":47,"column":2}},"47":{"start":{"line":48,"column":0},"end":{"line":48,"column":0}},"48":{"start":{"line":49,"column":0},"end":{"line":49,"column":50}},"49":{"start":{"line":50,"column":0},"end":{"line":50,"column":0}},"50":{"start":{"line":51,"column":0},"end":{"line":51,"column":62}},"51":{"start":{"line":52,"column":0},"end":{"line":52,"column":0}},"52":{"start":{"line":53,"column":0},"end":{"line":53,"column":47}},"53":{"start":{"line":54,"column":0},"end":{"line":54,"column":45}},"54":{"start":{"line":55,"column":0},"end":{"line":55,"column":0}},"55":{"start":{"line":56,"column":0},"end":{"line":56,"column":47}},"56":{"start":{"line":57,"column":0},"end":{"line":57,"column":56}},"57":{"start":{"line":58,"column":0},"end":{"line":58,"column":0}},"58":{"start":{"line":59,"column":0},"end":{"line":59,"column":43}},"59":{"start":{"line":60,"column":0},"end":{"line":60,"column":52}},"60":{"start":{"line":61,"column":0},"end":{"line":61,"column":0}},"61":{"start":{"line":62,"column":0},"end":{"line":62,"column":44}},"62":{"start":{"line":63,"column":0},"end":{"line":63,"column":53}},"63":{"start":{"line":64,"column":0},"end":{"line":64,"column":0}},"64":{"start":{"line":65,"column":0},"end":{"line":65,"column":53}},"65":{"start":{"line":66,"column":0},"end":{"line":66,"column":18}},"66":{"start":{"line":67,"column":0},"end":{"line":67,"column":72}},"67":{"start":{"line":68,"column":0},"end":{"line":68,"column":4}},"68":{"start":{"line":69,"column":0},"end":{"line":69,"column":0}},"69":{"start":{"line":70,"column":0},"end":{"line":70,"column":50}},"70":{"start":{"line":71,"column":0},"end":{"line":71,"column":17}},"71":{"start":{"line":72,"column":0},"end":{"line":72,"column":54}},"72":{"start":{"line":73,"column":0},"end":{"line":73,"column":3}},"73":{"start":{"line":74,"column":0},"end":{"line":74,"column":0}},"74":{"start":{"line":75,"column":0},"end":{"line":75,"column":51}},"75":{"start":{"line":76,"column":0},"end":{"line":76,"column":35}},"76":{"start":{"line":77,"column":0},"end":{"line":77,"column":0}},"77":{"start":{"line":78,"column":0},"end":{"line":78,"column":47}},"78":{"start":{"line":79,"column":0},"end":{"line":79,"column":26}},"79":{"start":{"line":80,"column":0},"end":{"line":80,"column":10}},"80":{"start":{"line":81,"column":0},"end":{"line":81,"column":3}},"81":{"start":{"line":82,"column":0},"end":{"line":82,"column":0}},"82":{"start":{"line":83,"column":0},"end":{"line":83,"column":45}},"83":{"start":{"line":84,"column":0},"end":{"line":84,"column":24}},"84":{"start":{"line":85,"column":0},"end":{"line":85,"column":10}},"85":{"start":{"line":86,"column":0},"end":{"line":86,"column":3}},"86":{"start":{"line":87,"column":0},"end":{"line":87,"column":0}},"87":{"start":{"line":88,"column":0},"end":{"line":88,"column":50}},"88":{"start":{"line":89,"column":0},"end":{"line":89,"column":29}},"89":{"start":{"line":90,"column":0},"end":{"line":90,"column":10}},"90":{"start":{"line":91,"column":0},"end":{"line":91,"column":3}},"91":{"start":{"line":92,"column":0},"end":{"line":92,"column":0}},"92":{"start":{"line":93,"column":0},"end":{"line":93,"column":27}},"93":{"start":{"line":94,"column":0},"end":{"line":94,"column":18}},"94":{"start":{"line":95,"column":0},"end":{"line":95,"column":2}},"95":{"start":{"line":96,"column":0},"end":{"line":96,"column":0}},"96":{"start":{"line":97,"column":0},"end":{"line":97,"column":28}},"97":{"start":{"line":98,"column":0},"end":{"line":98,"column":18}},"98":{"start":{"line":99,"column":0},"end":{"line":99,"column":13}},"99":{"start":{"line":100,"column":0},"end":{"line":100,"column":2}},"100":{"start":{"line":101,"column":0},"end":{"line":101,"column":0}},"101":{"start":{"line":102,"column":0},"end":{"line":102,"column":74}},"102":{"start":{"line":103,"column":0},"end":{"line":103,"column":40}},"103":{"start":{"line":104,"column":0},"end":{"line":104,"column":65}},"104":{"start":{"line":105,"column":0},"end":{"line":105,"column":56}},"105":{"start":{"line":106,"column":0},"end":{"line":106,"column":75}},"106":{"start":{"line":107,"column":0},"end":{"line":107,"column":1}},"107":{"start":{"line":108,"column":0},"end":{"line":108,"column":0}},"108":{"start":{"line":109,"column":0},"end":{"line":109,"column":47}},"109":{"start":{"line":110,"column":0},"end":{"line":110,"column":30}},"110":{"start":{"line":111,"column":0},"end":{"line":111,"column":23}},"111":{"start":{"line":112,"column":0},"end":{"line":112,"column":7}},"112":{"start":{"line":113,"column":0},"end":{"line":113,"column":49}},"113":{"start":{"line":114,"column":0},"end":{"line":114,"column":0}},"114":{"start":{"line":115,"column":0},"end":{"line":115,"column":46}},"115":{"start":{"line":116,"column":0},"end":{"line":116,"column":0}},"116":{"start":{"line":117,"column":0},"end":{"line":117,"column":35}},"117":{"start":{"line":118,"column":0},"end":{"line":118,"column":0}},"118":{"start":{"line":119,"column":0},"end":{"line":119,"column":28}},"119":{"start":{"line":120,"column":0},"end":{"line":120,"column":22}},"120":{"start":{"line":121,"column":0},"end":{"line":121,"column":0}},"121":{"start":{"line":122,"column":0},"end":{"line":122,"column":33}},"122":{"start":{"line":123,"column":0},"end":{"line":123,"column":0}},"123":{"start":{"line":124,"column":0},"end":{"line":124,"column":47}},"124":{"start":{"line":125,"column":0},"end":{"line":125,"column":17}},"125":{"start":{"line":126,"column":0},"end":{"line":126,"column":7}},"126":{"start":{"line":127,"column":0},"end":{"line":127,"column":5}},"127":{"start":{"line":128,"column":0},"end":{"line":128,"column":18}},"128":{"start":{"line":129,"column":0},"end":{"line":129,"column":14}},"129":{"start":{"line":130,"column":0},"end":{"line":130,"column":12}},"130":{"start":{"line":131,"column":0},"end":{"line":131,"column":8}},"131":{"start":{"line":132,"column":0},"end":{"line":132,"column":5}},"132":{"start":{"line":133,"column":0},"end":{"line":133,"column":4}},"133":{"start":{"line":134,"column":0},"end":{"line":134,"column":0}},"134":{"start":{"line":135,"column":0},"end":{"line":135,"column":33}},"135":{"start":{"line":136,"column":0},"end":{"line":136,"column":22}},"136":{"start":{"line":137,"column":0},"end":{"line":137,"column":41}},"137":{"start":{"line":138,"column":0},"end":{"line":138,"column":68}},"138":{"start":{"line":139,"column":0},"end":{"line":139,"column":7}},"139":{"start":{"line":140,"column":0},"end":{"line":140,"column":5}},"140":{"start":{"line":141,"column":0},"end":{"line":141,"column":4}},"141":{"start":{"line":142,"column":0},"end":{"line":142,"column":0}},"142":{"start":{"line":143,"column":0},"end":{"line":143,"column":27}},"143":{"start":{"line":144,"column":0},"end":{"line":144,"column":24}},"144":{"start":{"line":145,"column":0},"end":{"line":145,"column":46}},"145":{"start":{"line":146,"column":0},"end":{"line":146,"column":28}},"146":{"start":{"line":147,"column":0},"end":{"line":147,"column":108}},"147":{"start":{"line":148,"column":0},"end":{"line":148,"column":185}},"148":{"start":{"line":149,"column":0},"end":{"line":149,"column":20}},"149":{"start":{"line":150,"column":0},"end":{"line":150,"column":10}},"150":{"start":{"line":151,"column":0},"end":{"line":151,"column":7}},"151":{"start":{"line":152,"column":0},"end":{"line":152,"column":39}},"152":{"start":{"line":153,"column":0},"end":{"line":153,"column":4}},"153":{"start":{"line":154,"column":0},"end":{"line":154,"column":0}},"154":{"start":{"line":155,"column":0},"end":{"line":155,"column":54}},"155":{"start":{"line":156,"column":0},"end":{"line":156,"column":0}},"156":{"start":{"line":157,"column":0},"end":{"line":157,"column":38}},"157":{"start":{"line":158,"column":0},"end":{"line":158,"column":22}},"158":{"start":{"line":159,"column":0},"end":{"line":159,"column":30}},"159":{"start":{"line":160,"column":0},"end":{"line":160,"column":5}},"160":{"start":{"line":161,"column":0},"end":{"line":161,"column":0}},"161":{"start":{"line":162,"column":0},"end":{"line":162,"column":60}},"162":{"start":{"line":163,"column":0},"end":{"line":163,"column":70}},"163":{"start":{"line":164,"column":0},"end":{"line":164,"column":0}},"164":{"start":{"line":165,"column":0},"end":{"line":165,"column":40}},"165":{"start":{"line":166,"column":0},"end":{"line":166,"column":2}}},"s":{"0":1,"1":1,"2":1,"3":1,"4":1,"5":1,"6":1,"7":1,"8":1,"9":1,"10":1,"11":1,"12":1,"13":1,"14":1,"15":1,"16":1,"17":1,"18":1,"19":1,"20":1,"21":1,"22":1,"23":1,"24":1,"25":1,"26":1,"27":1,"28":1,"29":1,"30":1,"31":1,"32":1,"33":1,"34":1,"35":1,"36":1,"37":1,"38":1,"39":1,"40":1,"41":1,"42":1,"43":1,"44":1,"45":1,"46":1,"47":1,"48":1,"49":1,"50":1,"51":1,"52":1,"53":1,"54":1,"55":1,"56":1,"57":1,"58":1,"59":1,"60":1,"61":1,"62":1,"63":1,"64":1,"65":1,"66":1,"67":1,"68":1,"69":1,"70":2,"71":2,"72":1,"73":1,"74":1,"75":1,"76":1,"77":1,"78":1,"79":1,"80":1,"81":1,"82":1,"83":2,"84":2,"85":1,"86":1,"87":1,"88":1,"89":1,"90":1,"91":1,"92":1,"93":1,"94":1,"95":1,"96":1,"97":1,"98":1,"99":1,"100":1,"101":1,"102":1,"103":1,"104":1,"105":1,"106":1,"107":1,"108":1,"109":1,"110":1,"111":1,"112":1,"113":1,"114":1,"115":1,"116":1,"117":1,"118":1,"119":1,"120":1,"121":1,"122":1,"123":1,"124":1,"125":1,"126":1,"127":1,"128":1,"129":1,"130":1,"131":1,"132":1,"133":1,"134":1,"135":1,"136":1,"137":5,"138":1,"139":1,"140":1,"141":1,"142":1,"143":1,"144":1,"145":1,"146":1,"147":1,"148":1,"149":1,"150":1,"151":1,"152":1,"153":1,"154":1,"155":1,"156":1,"157":1,"158":1,"159":1,"160":1,"161":1,"162":1,"163":1,"164":1,"165":1},"branchMap":{"0":{"type":"branch","line":51,"loc":{"start":{"line":51,"column":26},"end":{"line":51,"column":61}},"locations":[{"start":{"line":51,"column":26},"end":{"line":51,"column":61}}]},"1":{"type":"branch","line":65,"loc":{"start":{"line":65,"column":29},"end":{"line":67,"column":72}},"locations":[{"start":{"line":65,"column":29},"end":{"line":67,"column":72}}]},"2":{"type":"branch","line":70,"loc":{"start":{"line":70,"column":27},"end":{"line":73,"column":2}},"locations":[{"start":{"line":70,"column":27},"end":{"line":73,"column":2}}]},"3":{"type":"branch","line":75,"loc":{"start":{"line":75,"column":28},"end":{"line":76,"column":34}},"locations":[{"start":{"line":75,"column":28},"end":{"line":76,"column":34}}]},"4":{"type":"branch","line":78,"loc":{"start":{"line":78,"column":24},"end":{"line":81,"column":2}},"locations":[{"start":{"line":78,"column":24},"end":{"line":81,"column":2}}]},"5":{"type":"branch","line":83,"loc":{"start":{"line":83,"column":22},"end":{"line":86,"column":2}},"locations":[{"start":{"line":83,"column":22},"end":{"line":86,"column":2}}]},"6":{"type":"branch","line":88,"loc":{"start":{"line":88,"column":27},"end":{"line":91,"column":2}},"locations":[{"start":{"line":88,"column":27},"end":{"line":91,"column":2}}]},"7":{"type":"branch","line":102,"loc":{"start":{"line":102,"column":0},"end":{"line":107,"column":1}},"locations":[{"start":{"line":102,"column":0},"end":{"line":107,"column":1}}]},"8":{"type":"branch","line":109,"loc":{"start":{"line":109,"column":33},"end":{"line":166,"column":2}},"locations":[{"start":{"line":109,"column":33},"end":{"line":166,"column":2}}]},"9":{"type":"branch","line":137,"loc":{"start":{"line":137,"column":25},"end":{"line":138,"column":68}},"locations":[{"start":{"line":137,"column":25},"end":{"line":138,"column":68}}]}},"b":{"0":[1],"1":[1],"2":[2],"3":[1],"4":[1],"5":[2],"6":[1],"7":[1],"8":[1],"9":[5]},"fnMap":{"0":{"name":"getSystemPrompt","decl":{"start":{"line":49,"column":31},"end":{"line":49,"column":49}},"loc":{"start":{"line":49,"column":31},"end":{"line":49,"column":49}},"line":49},"1":{"name":"withSystemMessage","decl":{"start":{"line":51,"column":26},"end":{"line":51,"column":61}},"loc":{"start":{"line":51,"column":26},"end":{"line":51,"column":61}},"line":51},"2":{"name":"inTransientContext","decl":{"start":{"line":53,"column":27},"end":{"line":54,"column":44}},"loc":{"start":{"line":53,"column":27},"end":{"line":54,"column":44}},"line":53},"3":{"name":"isTransientContext","decl":{"start":{"line":56,"column":27},"end":{"line":57,"column":55}},"loc":{"start":{"line":56,"column":27},"end":{"line":57,"column":55}},"line":56},"4":{"name":"isQueryMessage","decl":{"start":{"line":59,"column":23},"end":{"line":60,"column":51}},"loc":{"start":{"line":59,"column":23},"end":{"line":60,"column":51}},"line":59},"5":{"name":"isSystemMessage","decl":{"start":{"line":62,"column":24},"end":{"line":63,"column":52}},"loc":{"start":{"line":62,"column":24},"end":{"line":63,"column":52}},"line":62},"6":{"name":"withResidentMessages","decl":{"start":{"line":65,"column":29},"end":{"line":67,"column":72}},"loc":{"start":{"line":65,"column":29},"end":{"line":67,"column":72}},"line":65},"7":{"name":"asTransientMessage","decl":{"start":{"line":70,"column":27},"end":{"line":73,"column":2}},"loc":{"start":{"line":70,"column":27},"end":{"line":73,"column":2}},"line":70},"8":{"name":"asTransientMessages","decl":{"start":{"line":75,"column":28},"end":{"line":76,"column":34}},"loc":{"start":{"line":75,"column":28},"end":{"line":76,"column":34}},"line":75},"9":{"name":"asSystemMessage","decl":{"start":{"line":78,"column":24},"end":{"line":81,"column":2}},"loc":{"start":{"line":78,"column":24},"end":{"line":81,"column":2}},"line":78},"10":{"name":"asUserMessage","decl":{"start":{"line":83,"column":22},"end":{"line":86,"column":2}},"loc":{"start":{"line":83,"column":22},"end":{"line":86,"column":2}},"line":83},"11":{"name":"asAssistantMessage","decl":{"start":{"line":88,"column":27},"end":{"line":91,"column":2}},"loc":{"start":{"line":88,"column":27},"end":{"line":91,"column":2}},"line":88},"12":{"name":"assertIsChatRequest","decl":{"start":{"line":102,"column":0},"end":{"line":107,"column":1}},"loc":{"start":{"line":102,"column":0},"end":{"line":107,"column":1}},"line":102},"13":{"name":"handleChatRequest","decl":{"start":{"line":109,"column":33},"end":{"line":166,"column":2}},"loc":{"start":{"line":109,"column":33},"end":{"line":166,"column":2}},"line":109}},"f":{"0":0,"1":1,"2":0,"3":0,"4":0,"5":0,"6":1,"7":2,"8":1,"9":1,"10":2,"11":1,"12":1,"13":1}}
,"/Users/jordan/repos/dashboard/server/prisma/prisma-client.ts": {"path":"/Users/jordan/repos/dashboard/server/prisma/prisma-client.ts","all":false,"statementMap":{"0":{"start":{"line":1,"column":0},"end":{"line":1,"column":44}},"1":{"start":{"line":2,"column":0},"end":{"line":2,"column":46}},"2":{"start":{"line":3,"column":0},"end":{"line":3,"column":52}},"3":{"start":{"line":4,"column":0},"end":{"line":4,"column":0}},"4":{"start":{"line":5,"column":0},"end":{"line":5,"column":51}},"5":{"start":{"line":6,"column":0},"end":{"line":6,"column":25}},"6":{"start":{"line":7,"column":0},"end":{"line":7,"column":14}},"7":{"start":{"line":8,"column":0},"end":{"line":8,"column":3}},"8":{"start":{"line":9,"column":0},"end":{"line":9,"column":45}},"9":{"start":{"line":10,"column":0},"end":{"line":10,"column":0}},"10":{"start":{"line":11,"column":0},"end":{"line":11,"column":73}},"11":{"start":{"line":12,"column":0},"end":{"line":12,"column":73}},"12":{"start":{"line":13,"column":0},"end":{"line":13,"column":25}},"13":{"start":{"line":14,"column":0},"end":{"line":14,"column":2}},"14":{"start":{"line":15,"column":0},"end":{"line":15,"column":0}},"15":{"start":{"line":16,"column":0},"end":{"line":16,"column":93}},"16":{"start":{"line":17,"column":0},"end":{"line":17,"column":43}},"17":{"start":{"line":18,"column":0},"end":{"line":18,"column":32}},"18":{"start":{"line":19,"column":0},"end":{"line":19,"column":7}},"19":{"start":{"line":20,"column":0},"end":{"line":20,"column":35}},"20":{"start":{"line":21,"column":0},"end":{"line":21,"column":10}},"21":{"start":{"line":22,"column":0},"end":{"line":22,"column":35}},"22":{"start":{"line":23,"column":0},"end":{"line":23,"column":54}},"23":{"start":{"line":24,"column":0},"end":{"line":24,"column":14}},"24":{"start":{"line":25,"column":0},"end":{"line":25,"column":13}},"25":{"start":{"line":26,"column":0},"end":{"line":26,"column":13}},"26":{"start":{"line":27,"column":0},"end":{"line":27,"column":14}},"27":{"start":{"line":28,"column":0},"end":{"line":28,"column":6}},"28":{"start":{"line":29,"column":0},"end":{"line":29,"column":5}},"29":{"start":{"line":30,"column":0},"end":{"line":30,"column":0}},"30":{"start":{"line":31,"column":0},"end":{"line":31,"column":34}},"31":{"start":{"line":32,"column":0},"end":{"line":32,"column":66}},"32":{"start":{"line":33,"column":0},"end":{"line":33,"column":37}},"33":{"start":{"line":34,"column":0},"end":{"line":34,"column":44}},"34":{"start":{"line":35,"column":0},"end":{"line":35,"column":19}},"35":{"start":{"line":36,"column":0},"end":{"line":36,"column":26}},"36":{"start":{"line":37,"column":0},"end":{"line":37,"column":21}},"37":{"start":{"line":38,"column":0},"end":{"line":38,"column":30}},"38":{"start":{"line":39,"column":0},"end":{"line":39,"column":35}},"39":{"start":{"line":40,"column":0},"end":{"line":40,"column":28}},"40":{"start":{"line":41,"column":0},"end":{"line":41,"column":45}},"41":{"start":{"line":42,"column":0},"end":{"line":42,"column":12}},"42":{"start":{"line":43,"column":0},"end":{"line":43,"column":10}},"43":{"start":{"line":44,"column":0},"end":{"line":44,"column":12}},"44":{"start":{"line":45,"column":0},"end":{"line":45,"column":8}},"45":{"start":{"line":46,"column":0},"end":{"line":46,"column":7}},"46":{"start":{"line":47,"column":0},"end":{"line":47,"column":3}},"47":{"start":{"line":48,"column":0},"end":{"line":48,"column":0}},"48":{"start":{"line":49,"column":0},"end":{"line":49,"column":16}},"49":{"start":{"line":50,"column":0},"end":{"line":50,"column":2}}},"s":{"0":1,"1":1,"2":1,"3":1,"4":1,"5":0,"6":0,"7":0,"8":0,"9":0,"10":0,"11":0,"12":0,"13":0,"14":1,"15":1,"16":1,"17":1,"18":1,"19":1,"20":1,"21":1,"22":1,"23":1,"24":1,"25":1,"26":1,"27":1,"28":1,"29":1,"30":1,"31":0,"32":0,"33":0,"34":0,"35":0,"36":0,"37":0,"38":0,"39":0,"40":0,"41":0,"42":0,"43":0,"44":0,"45":0,"46":0,"47":1,"48":1,"49":1},"branchMap":{"0":{"type":"branch","line":17,"loc":{"start":{"line":17,"column":34},"end":{"line":50,"column":2}},"locations":[{"start":{"line":17,"column":34},"end":{"line":50,"column":2}}]},"1":{"type":"branch","line":23,"loc":{"start":{"line":23,"column":8},"end":{"line":23,"column":54}},"locations":[{"start":{"line":23,"column":8},"end":{"line":23,"column":54}}]},"2":{"type":"branch","line":31,"loc":{"start":{"line":31,"column":33},"end":{"line":47,"column":3}},"locations":[{"start":{"line":31,"column":33},"end":{"line":47,"column":3}}]}},"b":{"0":[1],"1":[0],"2":[0]},"fnMap":{"0":{"name":"parseSqlParams","decl":{"start":{"line":5,"column":23},"end":{"line":14,"column":2}},"loc":{"start":{"line":5,"column":23},"end":{"line":14,"column":2}},"line":5},"1":{"name":"createPrismaClient","decl":{"start":{"line":17,"column":34},"end":{"line":50,"column":2}},"loc":{"start":{"line":17,"column":34},"end":{"line":50,"column":2}},"line":17}},"f":{"0":0,"1":1}}
,"/Users/jordan/repos/dashboard/server/resolvers/helpers.ts": {"path":"/Users/jordan/repos/dashboard/server/resolvers/helpers.ts","all":false,"statementMap":{"0":{"start":{"line":1,"column":0},"end":{"line":1,"column":32}},"1":{"start":{"line":2,"column":0},"end":{"line":2,"column":34}},"2":{"start":{"line":3,"column":0},"end":{"line":3,"column":46}},"3":{"start":{"line":4,"column":0},"end":{"line":4,"column":58}},"4":{"start":{"line":5,"column":0},"end":{"line":5,"column":28}},"5":{"start":{"line":6,"column":0},"end":{"line":6,"column":0}},"6":{"start":{"line":7,"column":0},"end":{"line":7,"column":44}},"7":{"start":{"line":8,"column":0},"end":{"line":8,"column":18}},"8":{"start":{"line":9,"column":0},"end":{"line":9,"column":2}},"9":{"start":{"line":10,"column":0},"end":{"line":10,"column":0}},"10":{"start":{"line":11,"column":0},"end":{"line":11,"column":67}},"11":{"start":{"line":12,"column":0},"end":{"line":12,"column":37}},"12":{"start":{"line":13,"column":0},"end":{"line":13,"column":2}},"13":{"start":{"line":14,"column":0},"end":{"line":14,"column":0}},"14":{"start":{"line":15,"column":0},"end":{"line":15,"column":59}},"15":{"start":{"line":16,"column":0},"end":{"line":16,"column":49}},"16":{"start":{"line":17,"column":0},"end":{"line":17,"column":43}},"17":{"start":{"line":18,"column":0},"end":{"line":18,"column":69}},"18":{"start":{"line":19,"column":0},"end":{"line":19,"column":17}},"19":{"start":{"line":20,"column":0},"end":{"line":20,"column":0}},"20":{"start":{"line":21,"column":0},"end":{"line":21,"column":67}},"21":{"start":{"line":22,"column":0},"end":{"line":22,"column":2}},"22":{"start":{"line":23,"column":0},"end":{"line":23,"column":0}},"23":{"start":{"line":24,"column":0},"end":{"line":24,"column":38}},"24":{"start":{"line":25,"column":0},"end":{"line":25,"column":0}},"25":{"start":{"line":26,"column":0},"end":{"line":26,"column":28}},"26":{"start":{"line":27,"column":0},"end":{"line":27,"column":23}},"27":{"start":{"line":28,"column":0},"end":{"line":28,"column":22}},"28":{"start":{"line":29,"column":0},"end":{"line":29,"column":13}},"29":{"start":{"line":30,"column":0},"end":{"line":30,"column":10}},"30":{"start":{"line":31,"column":0},"end":{"line":31,"column":21}},"31":{"start":{"line":32,"column":0},"end":{"line":32,"column":16}},"32":{"start":{"line":33,"column":0},"end":{"line":33,"column":4}},"33":{"start":{"line":34,"column":0},"end":{"line":34,"column":2}},"34":{"start":{"line":35,"column":0},"end":{"line":35,"column":0}},"35":{"start":{"line":36,"column":0},"end":{"line":36,"column":70}},"36":{"start":{"line":37,"column":0},"end":{"line":37,"column":14}},"37":{"start":{"line":38,"column":0},"end":{"line":38,"column":15}},"38":{"start":{"line":39,"column":0},"end":{"line":39,"column":23}},"39":{"start":{"line":40,"column":0},"end":{"line":40,"column":56}},"40":{"start":{"line":41,"column":0},"end":{"line":41,"column":0}},"41":{"start":{"line":42,"column":0},"end":{"line":42,"column":70}},"42":{"start":{"line":43,"column":0},"end":{"line":43,"column":17}},"43":{"start":{"line":44,"column":0},"end":{"line":44,"column":15}},"44":{"start":{"line":45,"column":0},"end":{"line":45,"column":28}},"45":{"start":{"line":46,"column":0},"end":{"line":46,"column":43}},"46":{"start":{"line":47,"column":0},"end":{"line":47,"column":0}},"47":{"start":{"line":48,"column":0},"end":{"line":48,"column":70}},"48":{"start":{"line":49,"column":0},"end":{"line":49,"column":24}},"49":{"start":{"line":50,"column":0},"end":{"line":50,"column":15}},"50":{"start":{"line":51,"column":0},"end":{"line":51,"column":33}},"51":{"start":{"line":52,"column":0},"end":{"line":52,"column":3}},"52":{"start":{"line":53,"column":0},"end":{"line":53,"column":30}},"53":{"start":{"line":54,"column":0},"end":{"line":54,"column":35}},"54":{"start":{"line":55,"column":0},"end":{"line":55,"column":15}},"55":{"start":{"line":56,"column":0},"end":{"line":56,"column":40}},"56":{"start":{"line":57,"column":0},"end":{"line":57,"column":8}},"57":{"start":{"line":58,"column":0},"end":{"line":58,"column":3}},"58":{"start":{"line":59,"column":0},"end":{"line":59,"column":0}},"59":{"start":{"line":60,"column":0},"end":{"line":60,"column":19}},"60":{"start":{"line":61,"column":0},"end":{"line":61,"column":16}},"61":{"start":{"line":62,"column":0},"end":{"line":62,"column":3}},"62":{"start":{"line":63,"column":0},"end":{"line":63,"column":0}},"63":{"start":{"line":64,"column":0},"end":{"line":64,"column":10}},"64":{"start":{"line":65,"column":0},"end":{"line":65,"column":14}},"65":{"start":{"line":66,"column":0},"end":{"line":66,"column":42}},"66":{"start":{"line":67,"column":0},"end":{"line":67,"column":4}},"67":{"start":{"line":68,"column":0},"end":{"line":68,"column":1}},"68":{"start":{"line":69,"column":0},"end":{"line":69,"column":0}},"69":{"start":{"line":70,"column":0},"end":{"line":70,"column":69}},"70":{"start":{"line":71,"column":0},"end":{"line":71,"column":43}},"71":{"start":{"line":72,"column":0},"end":{"line":72,"column":12}},"72":{"start":{"line":73,"column":0},"end":{"line":73,"column":12}},"73":{"start":{"line":74,"column":0},"end":{"line":74,"column":67}},"74":{"start":{"line":75,"column":0},"end":{"line":75,"column":65}},"75":{"start":{"line":76,"column":0},"end":{"line":76,"column":8}},"76":{"start":{"line":77,"column":0},"end":{"line":77,"column":6}},"77":{"start":{"line":78,"column":0},"end":{"line":78,"column":3}},"78":{"start":{"line":79,"column":0},"end":{"line":79,"column":0}},"79":{"start":{"line":80,"column":0},"end":{"line":80,"column":25}},"80":{"start":{"line":81,"column":0},"end":{"line":81,"column":70}},"81":{"start":{"line":82,"column":0},"end":{"line":82,"column":3}},"82":{"start":{"line":83,"column":0},"end":{"line":83,"column":0}},"83":{"start":{"line":84,"column":0},"end":{"line":84,"column":23}},"84":{"start":{"line":85,"column":0},"end":{"line":85,"column":68}},"85":{"start":{"line":86,"column":0},"end":{"line":86,"column":3}},"86":{"start":{"line":87,"column":0},"end":{"line":87,"column":0}},"87":{"start":{"line":88,"column":0},"end":{"line":88,"column":12}},"88":{"start":{"line":89,"column":0},"end":{"line":89,"column":2}}},"s":{"0":1,"1":1,"2":1,"3":1,"4":1,"5":1,"6":1,"7":0,"8":0,"9":1,"10":1,"11":1,"12":1,"13":1,"14":1,"15":0,"16":0,"17":0,"18":0,"19":0,"20":0,"21":0,"22":1,"23":1,"24":1,"25":1,"26":0,"27":0,"28":0,"29":0,"30":0,"31":0,"32":0,"33":0,"34":1,"35":1,"36":1,"37":1,"38":1,"39":1,"40":1,"41":1,"42":1,"43":1,"44":1,"45":1,"46":1,"47":1,"48":1,"49":1,"50":1,"51":1,"52":1,"53":1,"54":5,"55":5,"56":1,"57":1,"58":0,"59":0,"60":0,"61":0,"62":0,"63":0,"64":0,"65":0,"66":0,"67":0,"68":1,"69":1,"70":1,"71":1,"72":1,"73":1,"74":1,"75":1,"76":1,"77":1,"78":0,"79":1,"80":0,"81":0,"82":0,"83":1,"84":0,"85":0,"86":0,"87":0,"88":0},"branchMap":{"0":{"type":"branch","line":11,"loc":{"start":{"line":11,"column":21},"end":{"line":13,"column":2}},"locations":[{"start":{"line":11,"column":21},"end":{"line":13,"column":2}}]},"1":{"type":"branch","line":12,"loc":{"start":{"line":12,"column":20},"end":{"line":12,"column":35}},"locations":[{"start":{"line":12,"column":20},"end":{"line":12,"column":35}}]},"2":{"type":"branch","line":48,"loc":{"start":{"line":48,"column":0},"end":{"line":68,"column":1}},"locations":[{"start":{"line":48,"column":0},"end":{"line":68,"column":1}}]},"3":{"type":"branch","line":59,"loc":{"start":{"line":59,"column":-1},"end":{"line":68,"column":1}},"locations":[{"start":{"line":59,"column":-1},"end":{"line":68,"column":1}}]},"4":{"type":"branch","line":54,"loc":{"start":{"line":54,"column":22},"end":{"line":57,"column":6}},"locations":[{"start":{"line":54,"column":22},"end":{"line":57,"column":6}}]},"5":{"type":"branch","line":70,"loc":{"start":{"line":70,"column":30},"end":{"line":89,"column":2}},"locations":[{"start":{"line":70,"column":30},"end":{"line":89,"column":2}}]},"6":{"type":"branch","line":79,"loc":{"start":{"line":79,"column":-1},"end":{"line":80,"column":22}},"locations":[{"start":{"line":79,"column":-1},"end":{"line":80,"column":22}}]},"7":{"type":"branch","line":80,"loc":{"start":{"line":80,"column":24},"end":{"line":84,"column":20}},"locations":[{"start":{"line":80,"column":24},"end":{"line":84,"column":20}}]},"8":{"type":"branch","line":84,"loc":{"start":{"line":84,"column":22},"end":{"line":89,"column":2}},"locations":[{"start":{"line":84,"column":22},"end":{"line":89,"column":2}}]}},"b":{"0":[1],"1":[10],"2":[1],"3":[0],"4":[5],"5":[1],"6":[0],"7":[0],"8":[0]},"fnMap":{"0":{"name":"asId","decl":{"start":{"line":7,"column":20},"end":{"line":9,"column":2}},"loc":{"start":{"line":7,"column":20},"end":{"line":9,"column":2}},"line":7},"1":{"name":"asIds","decl":{"start":{"line":11,"column":21},"end":{"line":13,"column":2}},"loc":{"start":{"line":11,"column":21},"end":{"line":13,"column":2}},"line":11},"2":{"name":"scopeKey","decl":{"start":{"line":15,"column":24},"end":{"line":22,"column":2}},"loc":{"start":{"line":15,"column":24},"end":{"line":22,"column":2}},"line":15},"3":{"name":"narrowScope","decl":{"start":{"line":26,"column":27},"end":{"line":34,"column":2}},"loc":{"start":{"line":26,"column":27},"end":{"line":34,"column":2}},"line":26},"4":{"name":"withScope","decl":{"start":{"line":48,"column":0},"end":{"line":68,"column":1}},"loc":{"start":{"line":48,"column":0},"end":{"line":68,"column":1}},"line":48},"5":{"name":"whereDateRange","decl":{"start":{"line":70,"column":30},"end":{"line":89,"column":2}},"loc":{"start":{"line":70,"column":30},"end":{"line":89,"column":2}},"line":70}},"f":{"0":0,"1":1,"2":0,"3":0,"4":1,"5":1}}
,"/Users/jordan/repos/dashboard/server/types/graphql/server.gen.ts": {"path":"/Users/jordan/repos/dashboard/server/types/graphql/server.gen.ts","all":false,"statementMap":{"0":{"start":{"line":1,"column":0},"end":{"line":1,"column":89}},"1":{"start":{"line":2,"column":0},"end":{"line":2,"column":40}},"2":{"start":{"line":3,"column":0},"end":{"line":3,"column":32}},"3":{"start":{"line":4,"column":0},"end":{"line":4,"column":37}},"4":{"start":{"line":5,"column":0},"end":{"line":5,"column":83}},"5":{"start":{"line":6,"column":0},"end":{"line":6,"column":99}},"6":{"start":{"line":7,"column":0},"end":{"line":7,"column":95}},"7":{"start":{"line":8,"column":0},"end":{"line":8,"column":195}},"8":{"start":{"line":9,"column":0},"end":{"line":9,"column":65}},"9":{"start":{"line":10,"column":0},"end":{"line":10,"column":0}},"10":{"start":{"line":11,"column":0},"end":{"line":11,"column":97}},"11":{"start":{"line":12,"column":0},"end":{"line":12,"column":69}},"12":{"start":{"line":13,"column":0},"end":{"line":13,"column":23}},"13":{"start":{"line":14,"column":0},"end":{"line":14,"column":13}},"14":{"start":{"line":15,"column":0},"end":{"line":15,"column":17}},"15":{"start":{"line":16,"column":0},"end":{"line":16,"column":19}},"16":{"start":{"line":17,"column":0},"end":{"line":17,"column":14}},"17":{"start":{"line":18,"column":0},"end":{"line":18,"column":16}},"18":{"start":{"line":19,"column":0},"end":{"line":19,"column":23}},"19":{"start":{"line":20,"column":0},"end":{"line":20,"column":15}},"20":{"start":{"line":21,"column":0},"end":{"line":21,"column":19}},"21":{"start":{"line":22,"column":0},"end":{"line":22,"column":2}},"22":{"start":{"line":23,"column":0},"end":{"line":23,"column":0}},"23":{"start":{"line":24,"column":0},"end":{"line":24,"column":23}},"24":{"start":{"line":25,"column":0},"end":{"line":25,"column":24}},"25":{"start":{"line":26,"column":0},"end":{"line":26,"column":27}},"26":{"start":{"line":27,"column":0},"end":{"line":27,"column":35}},"27":{"start":{"line":28,"column":0},"end":{"line":28,"column":36}},"28":{"start":{"line":29,"column":0},"end":{"line":29,"column":17}},"29":{"start":{"line":30,"column":0},"end":{"line":30,"column":40}},"30":{"start":{"line":31,"column":0},"end":{"line":31,"column":20}},"31":{"start":{"line":32,"column":0},"end":{"line":32,"column":27}},"32":{"start":{"line":33,"column":0},"end":{"line":33,"column":48}},"33":{"start":{"line":34,"column":0},"end":{"line":34,"column":40}},"34":{"start":{"line":35,"column":0},"end":{"line":35,"column":26}},"35":{"start":{"line":36,"column":0},"end":{"line":36,"column":28}},"36":{"start":{"line":37,"column":0},"end":{"line":37,"column":45}},"37":{"start":{"line":38,"column":0},"end":{"line":38,"column":35}},"38":{"start":{"line":39,"column":0},"end":{"line":39,"column":2}},"39":{"start":{"line":40,"column":0},"end":{"line":40,"column":0}},"40":{"start":{"line":41,"column":0},"end":{"line":41,"column":0}},"41":{"start":{"line":42,"column":0},"end":{"line":42,"column":39}},"42":{"start":{"line":43,"column":0},"end":{"line":43,"column":23}},"43":{"start":{"line":44,"column":0},"end":{"line":44,"column":2}},"44":{"start":{"line":45,"column":0},"end":{"line":45,"column":0}},"45":{"start":{"line":46,"column":0},"end":{"line":46,"column":0}},"46":{"start":{"line":47,"column":0},"end":{"line":47,"column":41}},"47":{"start":{"line":48,"column":0},"end":{"line":48,"column":23}},"48":{"start":{"line":49,"column":0},"end":{"line":49,"column":2}},"49":{"start":{"line":50,"column":0},"end":{"line":50,"column":0}},"50":{"start":{"line":51,"column":0},"end":{"line":51,"column":0}},"51":{"start":{"line":52,"column":0},"end":{"line":52,"column":44}},"52":{"start":{"line":53,"column":0},"end":{"line":53,"column":23}},"53":{"start":{"line":54,"column":0},"end":{"line":54,"column":19}},"54":{"start":{"line":55,"column":0},"end":{"line":55,"column":2}},"55":{"start":{"line":56,"column":0},"end":{"line":56,"column":0}},"56":{"start":{"line":57,"column":0},"end":{"line":57,"column":0}},"57":{"start":{"line":58,"column":0},"end":{"line":58,"column":39}},"58":{"start":{"line":59,"column":0},"end":{"line":59,"column":41}},"59":{"start":{"line":60,"column":0},"end":{"line":60,"column":23}},"60":{"start":{"line":61,"column":0},"end":{"line":61,"column":38}},"61":{"start":{"line":62,"column":0},"end":{"line":62,"column":39}},"62":{"start":{"line":63,"column":0},"end":{"line":63,"column":2}},"63":{"start":{"line":64,"column":0},"end":{"line":64,"column":0}},"64":{"start":{"line":65,"column":0},"end":{"line":65,"column":25}},"65":{"start":{"line":66,"column":0},"end":{"line":66,"column":24}},"66":{"start":{"line":67,"column":0},"end":{"line":67,"column":20}},"67":{"start":{"line":68,"column":0},"end":{"line":68,"column":28}},"68":{"start":{"line":69,"column":0},"end":{"line":69,"column":16}},"69":{"start":{"line":70,"column":0},"end":{"line":70,"column":21}},"70":{"start":{"line":71,"column":0},"end":{"line":71,"column":1}},"71":{"start":{"line":72,"column":0},"end":{"line":72,"column":0}},"72":{"start":{"line":73,"column":0},"end":{"line":73,"column":22}},"73":{"start":{"line":74,"column":0},"end":{"line":74,"column":23}},"74":{"start":{"line":75,"column":0},"end":{"line":75,"column":21}},"75":{"start":{"line":76,"column":0},"end":{"line":76,"column":36}},"76":{"start":{"line":77,"column":0},"end":{"line":77,"column":17}},"77":{"start":{"line":78,"column":0},"end":{"line":78,"column":20}},"78":{"start":{"line":79,"column":0},"end":{"line":79,"column":34}},"79":{"start":{"line":80,"column":0},"end":{"line":80,"column":2}},"80":{"start":{"line":81,"column":0},"end":{"line":81,"column":0}},"81":{"start":{"line":82,"column":0},"end":{"line":82,"column":0}},"82":{"start":{"line":83,"column":0},"end":{"line":83,"column":37}},"83":{"start":{"line":84,"column":0},"end":{"line":84,"column":19}},"84":{"start":{"line":85,"column":0},"end":{"line":85,"column":2}},"85":{"start":{"line":86,"column":0},"end":{"line":86,"column":0}},"86":{"start":{"line":87,"column":0},"end":{"line":87,"column":24}},"87":{"start":{"line":88,"column":0},"end":{"line":88,"column":25}},"88":{"start":{"line":89,"column":0},"end":{"line":89,"column":25}},"89":{"start":{"line":90,"column":0},"end":{"line":90,"column":28}},"90":{"start":{"line":91,"column":0},"end":{"line":91,"column":29}},"91":{"start":{"line":92,"column":0},"end":{"line":92,"column":25}},"92":{"start":{"line":93,"column":0},"end":{"line":93,"column":24}},"93":{"start":{"line":94,"column":0},"end":{"line":94,"column":20}},"94":{"start":{"line":95,"column":0},"end":{"line":95,"column":26}},"95":{"start":{"line":96,"column":0},"end":{"line":96,"column":26}},"96":{"start":{"line":97,"column":0},"end":{"line":97,"column":45}},"97":{"start":{"line":98,"column":0},"end":{"line":98,"column":35}},"98":{"start":{"line":99,"column":0},"end":{"line":99,"column":2}},"99":{"start":{"line":100,"column":0},"end":{"line":100,"column":0}},"100":{"start":{"line":101,"column":0},"end":{"line":101,"column":0}},"101":{"start":{"line":102,"column":0},"end":{"line":102,"column":45}},"102":{"start":{"line":103,"column":0},"end":{"line":103,"column":19}},"103":{"start":{"line":104,"column":0},"end":{"line":104,"column":2}},"104":{"start":{"line":105,"column":0},"end":{"line":105,"column":0}},"105":{"start":{"line":106,"column":0},"end":{"line":106,"column":0}},"106":{"start":{"line":107,"column":0},"end":{"line":107,"column":40}},"107":{"start":{"line":108,"column":0},"end":{"line":108,"column":38}},"108":{"start":{"line":109,"column":0},"end":{"line":109,"column":2}},"109":{"start":{"line":110,"column":0},"end":{"line":110,"column":0}},"110":{"start":{"line":111,"column":0},"end":{"line":111,"column":30}},"111":{"start":{"line":112,"column":0},"end":{"line":112,"column":31}},"112":{"start":{"line":113,"column":0},"end":{"line":113,"column":21}},"113":{"start":{"line":114,"column":0},"end":{"line":114,"column":42}},"114":{"start":{"line":115,"column":0},"end":{"line":115,"column":35}},"115":{"start":{"line":116,"column":0},"end":{"line":116,"column":33}},"116":{"start":{"line":117,"column":0},"end":{"line":117,"column":20}},"117":{"start":{"line":118,"column":0},"end":{"line":118,"column":36}},"118":{"start":{"line":119,"column":0},"end":{"line":119,"column":34}},"119":{"start":{"line":120,"column":0},"end":{"line":120,"column":50}},"120":{"start":{"line":121,"column":0},"end":{"line":121,"column":44}},"121":{"start":{"line":122,"column":0},"end":{"line":122,"column":42}},"122":{"start":{"line":123,"column":0},"end":{"line":123,"column":2}},"123":{"start":{"line":124,"column":0},"end":{"line":124,"column":0}},"124":{"start":{"line":125,"column":0},"end":{"line":125,"column":26}},"125":{"start":{"line":126,"column":0},"end":{"line":126,"column":22}},"126":{"start":{"line":127,"column":0},"end":{"line":127,"column":19}},"127":{"start":{"line":128,"column":0},"end":{"line":128,"column":1}},"128":{"start":{"line":129,"column":0},"end":{"line":129,"column":0}},"129":{"start":{"line":130,"column":0},"end":{"line":130,"column":28}},"130":{"start":{"line":131,"column":0},"end":{"line":131,"column":29}},"131":{"start":{"line":132,"column":0},"end":{"line":132,"column":28}},"132":{"start":{"line":133,"column":0},"end":{"line":133,"column":27}},"133":{"start":{"line":134,"column":0},"end":{"line":134,"column":20}},"134":{"start":{"line":135,"column":0},"end":{"line":135,"column":2}},"135":{"start":{"line":136,"column":0},"end":{"line":136,"column":0}},"136":{"start":{"line":137,"column":0},"end":{"line":137,"column":25}},"137":{"start":{"line":138,"column":0},"end":{"line":138,"column":26}},"138":{"start":{"line":139,"column":0},"end":{"line":139,"column":28}},"139":{"start":{"line":140,"column":0},"end":{"line":140,"column":2}},"140":{"start":{"line":141,"column":0},"end":{"line":141,"column":0}},"141":{"start":{"line":142,"column":0},"end":{"line":142,"column":30}},"142":{"start":{"line":143,"column":0},"end":{"line":143,"column":31}},"143":{"start":{"line":144,"column":0},"end":{"line":144,"column":26}},"144":{"start":{"line":145,"column":0},"end":{"line":145,"column":20}},"145":{"start":{"line":146,"column":0},"end":{"line":146,"column":28}},"146":{"start":{"line":147,"column":0},"end":{"line":147,"column":2}},"147":{"start":{"line":148,"column":0},"end":{"line":148,"column":0}},"148":{"start":{"line":149,"column":0},"end":{"line":149,"column":22}},"149":{"start":{"line":150,"column":0},"end":{"line":150,"column":23}},"150":{"start":{"line":151,"column":0},"end":{"line":151,"column":27}},"151":{"start":{"line":152,"column":0},"end":{"line":152,"column":30}},"152":{"start":{"line":153,"column":0},"end":{"line":153,"column":21}},"153":{"start":{"line":154,"column":0},"end":{"line":154,"column":35}},"154":{"start":{"line":155,"column":0},"end":{"line":155,"column":36}},"155":{"start":{"line":156,"column":0},"end":{"line":156,"column":20}},"156":{"start":{"line":157,"column":0},"end":{"line":157,"column":40}},"157":{"start":{"line":158,"column":0},"end":{"line":158,"column":26}},"158":{"start":{"line":159,"column":0},"end":{"line":159,"column":45}},"159":{"start":{"line":160,"column":0},"end":{"line":160,"column":35}},"160":{"start":{"line":161,"column":0},"end":{"line":161,"column":2}},"161":{"start":{"line":162,"column":0},"end":{"line":162,"column":0}},"162":{"start":{"line":163,"column":0},"end":{"line":163,"column":0}},"163":{"start":{"line":164,"column":0},"end":{"line":164,"column":36}},"164":{"start":{"line":165,"column":0},"end":{"line":165,"column":49}},"165":{"start":{"line":166,"column":0},"end":{"line":166,"column":23}},"166":{"start":{"line":167,"column":0},"end":{"line":167,"column":2}},"167":{"start":{"line":168,"column":0},"end":{"line":168,"column":0}},"168":{"start":{"line":169,"column":0},"end":{"line":169,"column":0}},"169":{"start":{"line":170,"column":0},"end":{"line":170,"column":34}},"170":{"start":{"line":171,"column":0},"end":{"line":171,"column":28}},"171":{"start":{"line":172,"column":0},"end":{"line":172,"column":23}},"172":{"start":{"line":173,"column":0},"end":{"line":173,"column":2}},"173":{"start":{"line":174,"column":0},"end":{"line":174,"column":0}},"174":{"start":{"line":175,"column":0},"end":{"line":175,"column":0}},"175":{"start":{"line":176,"column":0},"end":{"line":176,"column":38}},"176":{"start":{"line":177,"column":0},"end":{"line":177,"column":23}},"177":{"start":{"line":178,"column":0},"end":{"line":178,"column":2}},"178":{"start":{"line":179,"column":0},"end":{"line":179,"column":0}},"179":{"start":{"line":180,"column":0},"end":{"line":180,"column":0}},"180":{"start":{"line":181,"column":0},"end":{"line":181,"column":40}},"181":{"start":{"line":182,"column":0},"end":{"line":182,"column":23}},"182":{"start":{"line":183,"column":0},"end":{"line":183,"column":2}},"183":{"start":{"line":184,"column":0},"end":{"line":184,"column":0}},"184":{"start":{"line":185,"column":0},"end":{"line":185,"column":0}},"185":{"start":{"line":186,"column":0},"end":{"line":186,"column":43}},"186":{"start":{"line":187,"column":0},"end":{"line":187,"column":23}},"187":{"start":{"line":188,"column":0},"end":{"line":188,"column":19}},"188":{"start":{"line":189,"column":0},"end":{"line":189,"column":2}},"189":{"start":{"line":190,"column":0},"end":{"line":190,"column":0}},"190":{"start":{"line":191,"column":0},"end":{"line":191,"column":0}},"191":{"start":{"line":192,"column":0},"end":{"line":192,"column":38}},"192":{"start":{"line":193,"column":0},"end":{"line":193,"column":41}},"193":{"start":{"line":194,"column":0},"end":{"line":194,"column":23}},"194":{"start":{"line":195,"column":0},"end":{"line":195,"column":38}},"195":{"start":{"line":196,"column":0},"end":{"line":196,"column":39}},"196":{"start":{"line":197,"column":0},"end":{"line":197,"column":2}},"197":{"start":{"line":198,"column":0},"end":{"line":198,"column":0}},"198":{"start":{"line":199,"column":0},"end":{"line":199,"column":21}},"199":{"start":{"line":200,"column":0},"end":{"line":200,"column":18}},"200":{"start":{"line":201,"column":0},"end":{"line":201,"column":16}},"201":{"start":{"line":202,"column":0},"end":{"line":202,"column":22}},"202":{"start":{"line":203,"column":0},"end":{"line":203,"column":15}},"203":{"start":{"line":204,"column":0},"end":{"line":204,"column":1}},"204":{"start":{"line":205,"column":0},"end":{"line":205,"column":0}},"205":{"start":{"line":206,"column":0},"end":{"line":206,"column":22}},"206":{"start":{"line":207,"column":0},"end":{"line":207,"column":20}},"207":{"start":{"line":208,"column":0},"end":{"line":208,"column":2}},"208":{"start":{"line":209,"column":0},"end":{"line":209,"column":0}},"209":{"start":{"line":210,"column":0},"end":{"line":210,"column":27}},"210":{"start":{"line":211,"column":0},"end":{"line":211,"column":42}},"211":{"start":{"line":212,"column":0},"end":{"line":212,"column":33}},"212":{"start":{"line":213,"column":0},"end":{"line":213,"column":2}},"213":{"start":{"line":214,"column":0},"end":{"line":214,"column":0}},"214":{"start":{"line":215,"column":0},"end":{"line":215,"column":24}},"215":{"start":{"line":216,"column":0},"end":{"line":216,"column":33}},"216":{"start":{"line":217,"column":0},"end":{"line":217,"column":39}},"217":{"start":{"line":218,"column":0},"end":{"line":218,"column":2}},"218":{"start":{"line":219,"column":0},"end":{"line":219,"column":0}},"219":{"start":{"line":220,"column":0},"end":{"line":220,"column":27}},"220":{"start":{"line":221,"column":0},"end":{"line":221,"column":28}},"221":{"start":{"line":222,"column":0},"end":{"line":222,"column":27}},"222":{"start":{"line":223,"column":0},"end":{"line":223,"column":20}},"223":{"start":{"line":224,"column":0},"end":{"line":224,"column":26}},"224":{"start":{"line":225,"column":0},"end":{"line":225,"column":2}},"225":{"start":{"line":226,"column":0},"end":{"line":226,"column":0}},"226":{"start":{"line":227,"column":0},"end":{"line":227,"column":30}},"227":{"start":{"line":228,"column":0},"end":{"line":228,"column":31}},"228":{"start":{"line":229,"column":0},"end":{"line":229,"column":28}},"229":{"start":{"line":230,"column":0},"end":{"line":230,"column":20}},"230":{"start":{"line":231,"column":0},"end":{"line":231,"column":27}},"231":{"start":{"line":232,"column":0},"end":{"line":232,"column":2}},"232":{"start":{"line":233,"column":0},"end":{"line":233,"column":0}},"233":{"start":{"line":234,"column":0},"end":{"line":234,"column":24}},"234":{"start":{"line":235,"column":0},"end":{"line":235,"column":25}},"235":{"start":{"line":236,"column":0},"end":{"line":236,"column":24}},"236":{"start":{"line":237,"column":0},"end":{"line":237,"column":20}},"237":{"start":{"line":238,"column":0},"end":{"line":238,"column":35}},"238":{"start":{"line":239,"column":0},"end":{"line":239,"column":33}},"239":{"start":{"line":240,"column":0},"end":{"line":240,"column":2}},"240":{"start":{"line":241,"column":0},"end":{"line":241,"column":0}},"241":{"start":{"line":242,"column":0},"end":{"line":242,"column":0}},"242":{"start":{"line":243,"column":0},"end":{"line":243,"column":39}},"243":{"start":{"line":244,"column":0},"end":{"line":244,"column":29}},"244":{"start":{"line":245,"column":0},"end":{"line":245,"column":26}},"245":{"start":{"line":246,"column":0},"end":{"line":246,"column":2}},"246":{"start":{"line":247,"column":0},"end":{"line":247,"column":0}},"247":{"start":{"line":248,"column":0},"end":{"line":248,"column":0}},"248":{"start":{"line":249,"column":0},"end":{"line":249,"column":37}},"249":{"start":{"line":250,"column":0},"end":{"line":250,"column":26}},"250":{"start":{"line":251,"column":0},"end":{"line":251,"column":2}},"251":{"start":{"line":252,"column":0},"end":{"line":252,"column":0}},"252":{"start":{"line":253,"column":0},"end":{"line":253,"column":0}},"253":{"start":{"line":254,"column":0},"end":{"line":254,"column":39}},"254":{"start":{"line":255,"column":0},"end":{"line":255,"column":41}},"255":{"start":{"line":256,"column":0},"end":{"line":256,"column":31}},"256":{"start":{"line":257,"column":0},"end":{"line":257,"column":2}},"257":{"start":{"line":258,"column":0},"end":{"line":258,"column":0}},"258":{"start":{"line":259,"column":0},"end":{"line":259,"column":0}},"259":{"start":{"line":260,"column":0},"end":{"line":260,"column":37}},"260":{"start":{"line":261,"column":0},"end":{"line":261,"column":31}},"261":{"start":{"line":262,"column":0},"end":{"line":262,"column":39}},"262":{"start":{"line":263,"column":0},"end":{"line":263,"column":2}},"263":{"start":{"line":264,"column":0},"end":{"line":264,"column":0}},"264":{"start":{"line":265,"column":0},"end":{"line":265,"column":26}},"265":{"start":{"line":266,"column":0},"end":{"line":266,"column":24}},"266":{"start":{"line":267,"column":0},"end":{"line":267,"column":25}},"267":{"start":{"line":268,"column":0},"end":{"line":268,"column":2}},"268":{"start":{"line":269,"column":0},"end":{"line":269,"column":0}},"269":{"start":{"line":270,"column":0},"end":{"line":270,"column":27}},"270":{"start":{"line":271,"column":0},"end":{"line":271,"column":28}},"271":{"start":{"line":272,"column":0},"end":{"line":272,"column":29}},"272":{"start":{"line":273,"column":0},"end":{"line":273,"column":20}},"273":{"start":{"line":274,"column":0},"end":{"line":274,"column":27}},"274":{"start":{"line":275,"column":0},"end":{"line":275,"column":26}},"275":{"start":{"line":276,"column":0},"end":{"line":276,"column":2}},"276":{"start":{"line":277,"column":0},"end":{"line":277,"column":0}},"277":{"start":{"line":278,"column":0},"end":{"line":278,"column":21}},"278":{"start":{"line":279,"column":0},"end":{"line":279,"column":22}},"279":{"start":{"line":280,"column":0},"end":{"line":280,"column":27}},"280":{"start":{"line":281,"column":0},"end":{"line":281,"column":27}},"281":{"start":{"line":282,"column":0},"end":{"line":282,"column":25}},"282":{"start":{"line":283,"column":0},"end":{"line":283,"column":30}},"283":{"start":{"line":284,"column":0},"end":{"line":284,"column":29}},"284":{"start":{"line":285,"column":0},"end":{"line":285,"column":35}},"285":{"start":{"line":286,"column":0},"end":{"line":286,"column":36}},"286":{"start":{"line":287,"column":0},"end":{"line":287,"column":26}},"287":{"start":{"line":288,"column":0},"end":{"line":288,"column":25}},"288":{"start":{"line":289,"column":0},"end":{"line":289,"column":35}},"289":{"start":{"line":290,"column":0},"end":{"line":290,"column":35}},"290":{"start":{"line":291,"column":0},"end":{"line":291,"column":36}},"291":{"start":{"line":292,"column":0},"end":{"line":292,"column":40}},"292":{"start":{"line":293,"column":0},"end":{"line":293,"column":35}},"293":{"start":{"line":294,"column":0},"end":{"line":294,"column":45}},"294":{"start":{"line":295,"column":0},"end":{"line":295,"column":35}},"295":{"start":{"line":296,"column":0},"end":{"line":296,"column":25}},"296":{"start":{"line":297,"column":0},"end":{"line":297,"column":25}},"297":{"start":{"line":298,"column":0},"end":{"line":298,"column":2}},"298":{"start":{"line":299,"column":0},"end":{"line":299,"column":0}},"299":{"start":{"line":300,"column":0},"end":{"line":300,"column":0}},"300":{"start":{"line":301,"column":0},"end":{"line":301,"column":32}},"301":{"start":{"line":302,"column":0},"end":{"line":302,"column":40}},"302":{"start":{"line":303,"column":0},"end":{"line":303,"column":39}},"303":{"start":{"line":304,"column":0},"end":{"line":304,"column":2}},"304":{"start":{"line":305,"column":0},"end":{"line":305,"column":0}},"305":{"start":{"line":306,"column":0},"end":{"line":306,"column":0}},"306":{"start":{"line":307,"column":0},"end":{"line":307,"column":31}},"307":{"start":{"line":308,"column":0},"end":{"line":308,"column":28}},"308":{"start":{"line":309,"column":0},"end":{"line":309,"column":26}},"309":{"start":{"line":310,"column":0},"end":{"line":310,"column":2}},"310":{"start":{"line":311,"column":0},"end":{"line":311,"column":0}},"311":{"start":{"line":312,"column":0},"end":{"line":312,"column":0}},"312":{"start":{"line":313,"column":0},"end":{"line":313,"column":35}},"313":{"start":{"line":314,"column":0},"end":{"line":314,"column":49}},"314":{"start":{"line":315,"column":0},"end":{"line":315,"column":23}},"315":{"start":{"line":316,"column":0},"end":{"line":316,"column":2}},"316":{"start":{"line":317,"column":0},"end":{"line":317,"column":0}},"317":{"start":{"line":318,"column":0},"end":{"line":318,"column":0}},"318":{"start":{"line":319,"column":0},"end":{"line":319,"column":33}},"319":{"start":{"line":320,"column":0},"end":{"line":320,"column":41}},"320":{"start":{"line":321,"column":0},"end":{"line":321,"column":36}},"321":{"start":{"line":322,"column":0},"end":{"line":322,"column":39}},"322":{"start":{"line":323,"column":0},"end":{"line":323,"column":2}},"323":{"start":{"line":324,"column":0},"end":{"line":324,"column":0}},"324":{"start":{"line":325,"column":0},"end":{"line":325,"column":0}},"325":{"start":{"line":326,"column":0},"end":{"line":326,"column":37}},"326":{"start":{"line":327,"column":0},"end":{"line":327,"column":23}},"327":{"start":{"line":328,"column":0},"end":{"line":328,"column":2}},"328":{"start":{"line":329,"column":0},"end":{"line":329,"column":0}},"329":{"start":{"line":330,"column":0},"end":{"line":330,"column":0}},"330":{"start":{"line":331,"column":0},"end":{"line":331,"column":31}},"331":{"start":{"line":332,"column":0},"end":{"line":332,"column":39}},"332":{"start":{"line":333,"column":0},"end":{"line":333,"column":39}},"333":{"start":{"line":334,"column":0},"end":{"line":334,"column":2}},"334":{"start":{"line":335,"column":0},"end":{"line":335,"column":0}},"335":{"start":{"line":336,"column":0},"end":{"line":336,"column":0}},"336":{"start":{"line":337,"column":0},"end":{"line":337,"column":36}},"337":{"start":{"line":338,"column":0},"end":{"line":338,"column":44}},"338":{"start":{"line":339,"column":0},"end":{"line":339,"column":39}},"339":{"start":{"line":340,"column":0},"end":{"line":340,"column":2}},"340":{"start":{"line":341,"column":0},"end":{"line":341,"column":0}},"341":{"start":{"line":342,"column":0},"end":{"line":342,"column":0}},"342":{"start":{"line":343,"column":0},"end":{"line":343,"column":39}},"343":{"start":{"line":344,"column":0},"end":{"line":344,"column":23}},"344":{"start":{"line":345,"column":0},"end":{"line":345,"column":2}},"345":{"start":{"line":346,"column":0},"end":{"line":346,"column":0}},"346":{"start":{"line":347,"column":0},"end":{"line":347,"column":0}},"347":{"start":{"line":348,"column":0},"end":{"line":348,"column":36}},"348":{"start":{"line":349,"column":0},"end":{"line":349,"column":31}},"349":{"start":{"line":350,"column":0},"end":{"line":350,"column":2}},"350":{"start":{"line":351,"column":0},"end":{"line":351,"column":0}},"351":{"start":{"line":352,"column":0},"end":{"line":352,"column":0}},"352":{"start":{"line":353,"column":0},"end":{"line":353,"column":42}},"353":{"start":{"line":354,"column":0},"end":{"line":354,"column":23}},"354":{"start":{"line":355,"column":0},"end":{"line":355,"column":19}},"355":{"start":{"line":356,"column":0},"end":{"line":356,"column":2}},"356":{"start":{"line":357,"column":0},"end":{"line":357,"column":0}},"357":{"start":{"line":358,"column":0},"end":{"line":358,"column":0}},"358":{"start":{"line":359,"column":0},"end":{"line":359,"column":37}},"359":{"start":{"line":360,"column":0},"end":{"line":360,"column":40}},"360":{"start":{"line":361,"column":0},"end":{"line":361,"column":23}},"361":{"start":{"line":362,"column":0},"end":{"line":362,"column":39}},"362":{"start":{"line":363,"column":0},"end":{"line":363,"column":38}},"363":{"start":{"line":364,"column":0},"end":{"line":364,"column":2}},"364":{"start":{"line":365,"column":0},"end":{"line":365,"column":0}},"365":{"start":{"line":366,"column":0},"end":{"line":366,"column":0}},"366":{"start":{"line":367,"column":0},"end":{"line":367,"column":31}},"367":{"start":{"line":368,"column":0},"end":{"line":368,"column":39}},"368":{"start":{"line":369,"column":0},"end":{"line":369,"column":39}},"369":{"start":{"line":370,"column":0},"end":{"line":370,"column":2}},"370":{"start":{"line":371,"column":0},"end":{"line":371,"column":0}},"371":{"start":{"line":372,"column":0},"end":{"line":372,"column":21}},"372":{"start":{"line":373,"column":0},"end":{"line":373,"column":40}},"373":{"start":{"line":374,"column":0},"end":{"line":374,"column":39}},"374":{"start":{"line":375,"column":0},"end":{"line":375,"column":41}},"375":{"start":{"line":376,"column":0},"end":{"line":376,"column":39}},"376":{"start":{"line":377,"column":0},"end":{"line":377,"column":44}},"377":{"start":{"line":378,"column":0},"end":{"line":378,"column":44}},"378":{"start":{"line":379,"column":0},"end":{"line":379,"column":39}},"379":{"start":{"line":380,"column":0},"end":{"line":380,"column":2}},"380":{"start":{"line":381,"column":0},"end":{"line":381,"column":0}},"381":{"start":{"line":382,"column":0},"end":{"line":382,"column":27}},"382":{"start":{"line":383,"column":0},"end":{"line":383,"column":28}},"383":{"start":{"line":384,"column":0},"end":{"line":384,"column":19}},"384":{"start":{"line":385,"column":0},"end":{"line":385,"column":34}},"385":{"start":{"line":386,"column":0},"end":{"line":386,"column":27}},"386":{"start":{"line":387,"column":0},"end":{"line":387,"column":29}},"387":{"start":{"line":388,"column":0},"end":{"line":388,"column":27}},"388":{"start":{"line":389,"column":0},"end":{"line":389,"column":33}},"389":{"start":{"line":390,"column":0},"end":{"line":390,"column":20}},"390":{"start":{"line":391,"column":0},"end":{"line":391,"column":30}},"391":{"start":{"line":392,"column":0},"end":{"line":392,"column":25}},"392":{"start":{"line":393,"column":0},"end":{"line":393,"column":2}},"393":{"start":{"line":394,"column":0},"end":{"line":394,"column":0}},"394":{"start":{"line":395,"column":0},"end":{"line":395,"column":32}},"395":{"start":{"line":396,"column":0},"end":{"line":396,"column":33}},"396":{"start":{"line":397,"column":0},"end":{"line":397,"column":24}},"397":{"start":{"line":398,"column":0},"end":{"line":398,"column":26}},"398":{"start":{"line":399,"column":0},"end":{"line":399,"column":37}},"399":{"start":{"line":400,"column":0},"end":{"line":400,"column":29}},"400":{"start":{"line":401,"column":0},"end":{"line":401,"column":21}},"401":{"start":{"line":402,"column":0},"end":{"line":402,"column":20}},"402":{"start":{"line":403,"column":0},"end":{"line":403,"column":28}},"403":{"start":{"line":404,"column":0},"end":{"line":404,"column":26}},"404":{"start":{"line":405,"column":0},"end":{"line":405,"column":34}},"405":{"start":{"line":406,"column":0},"end":{"line":406,"column":32}},"406":{"start":{"line":407,"column":0},"end":{"line":407,"column":35}},"407":{"start":{"line":408,"column":0},"end":{"line":408,"column":2}},"408":{"start":{"line":409,"column":0},"end":{"line":409,"column":0}},"409":{"start":{"line":410,"column":0},"end":{"line":410,"column":0}},"410":{"start":{"line":411,"column":0},"end":{"line":411,"column":48}},"411":{"start":{"line":412,"column":0},"end":{"line":412,"column":41}},"412":{"start":{"line":413,"column":0},"end":{"line":413,"column":38}},"413":{"start":{"line":414,"column":0},"end":{"line":414,"column":39}},"414":{"start":{"line":415,"column":0},"end":{"line":415,"column":2}},"415":{"start":{"line":416,"column":0},"end":{"line":416,"column":0}},"416":{"start":{"line":417,"column":0},"end":{"line":417,"column":22}},"417":{"start":{"line":418,"column":0},"end":{"line":418,"column":23}},"418":{"start":{"line":419,"column":0},"end":{"line":419,"column":20}},"419":{"start":{"line":420,"column":0},"end":{"line":420,"column":38}},"420":{"start":{"line":421,"column":0},"end":{"line":421,"column":26}},"421":{"start":{"line":422,"column":0},"end":{"line":422,"column":26}},"422":{"start":{"line":423,"column":0},"end":{"line":423,"column":45}},"423":{"start":{"line":424,"column":0},"end":{"line":424,"column":35}},"424":{"start":{"line":425,"column":0},"end":{"line":425,"column":2}},"425":{"start":{"line":426,"column":0},"end":{"line":426,"column":0}},"426":{"start":{"line":427,"column":0},"end":{"line":427,"column":0}},"427":{"start":{"line":428,"column":0},"end":{"line":428,"column":31}},"428":{"start":{"line":429,"column":0},"end":{"line":429,"column":23}},"429":{"start":{"line":430,"column":0},"end":{"line":430,"column":2}},"430":{"start":{"line":431,"column":0},"end":{"line":431,"column":0}},"431":{"start":{"line":432,"column":0},"end":{"line":432,"column":0}},"432":{"start":{"line":433,"column":0},"end":{"line":433,"column":43}},"433":{"start":{"line":434,"column":0},"end":{"line":434,"column":23}},"434":{"start":{"line":435,"column":0},"end":{"line":435,"column":19}},"435":{"start":{"line":436,"column":0},"end":{"line":436,"column":2}},"436":{"start":{"line":437,"column":0},"end":{"line":437,"column":0}},"437":{"start":{"line":438,"column":0},"end":{"line":438,"column":0}},"438":{"start":{"line":439,"column":0},"end":{"line":439,"column":38}},"439":{"start":{"line":440,"column":0},"end":{"line":440,"column":23}},"440":{"start":{"line":441,"column":0},"end":{"line":441,"column":38}},"441":{"start":{"line":442,"column":0},"end":{"line":442,"column":2}},"442":{"start":{"line":443,"column":0},"end":{"line":443,"column":0}},"443":{"start":{"line":444,"column":0},"end":{"line":444,"column":63}},"444":{"start":{"line":445,"column":0},"end":{"line":445,"column":58}},"445":{"start":{"line":446,"column":0},"end":{"line":446,"column":0}},"446":{"start":{"line":447,"column":0},"end":{"line":447,"column":136}},"447":{"start":{"line":448,"column":0},"end":{"line":448,"column":42}},"448":{"start":{"line":449,"column":0},"end":{"line":449,"column":1}},"449":{"start":{"line":450,"column":0},"end":{"line":450,"column":0}},"450":{"start":{"line":451,"column":0},"end":{"line":451,"column":0}},"451":{"start":{"line":452,"column":0},"end":{"line":452,"column":70}},"452":{"start":{"line":453,"column":0},"end":{"line":453,"column":57}},"453":{"start":{"line":454,"column":0},"end":{"line":454,"column":2}},"454":{"start":{"line":455,"column":0},"end":{"line":455,"column":176}},"455":{"start":{"line":456,"column":0},"end":{"line":456,"column":0}},"456":{"start":{"line":457,"column":0},"end":{"line":457,"column":74}},"457":{"start":{"line":458,"column":0},"end":{"line":458,"column":18}},"458":{"start":{"line":459,"column":0},"end":{"line":459,"column":14}},"459":{"start":{"line":460,"column":0},"end":{"line":460,"column":20}},"460":{"start":{"line":461,"column":0},"end":{"line":461,"column":26}},"461":{"start":{"line":462,"column":0},"end":{"line":462,"column":62}},"462":{"start":{"line":463,"column":0},"end":{"line":463,"column":0}},"463":{"start":{"line":464,"column":0},"end":{"line":464,"column":72}},"464":{"start":{"line":465,"column":0},"end":{"line":465,"column":18}},"465":{"start":{"line":466,"column":0},"end":{"line":466,"column":14}},"466":{"start":{"line":467,"column":0},"end":{"line":467,"column":20}},"467":{"start":{"line":468,"column":0},"end":{"line":468,"column":26}},"468":{"start":{"line":469,"column":0},"end":{"line":469,"column":32}},"469":{"start":{"line":470,"column":0},"end":{"line":470,"column":0}},"470":{"start":{"line":471,"column":0},"end":{"line":471,"column":103}},"471":{"start":{"line":472,"column":0},"end":{"line":472,"column":91}},"472":{"start":{"line":473,"column":0},"end":{"line":473,"column":88}},"473":{"start":{"line":474,"column":0},"end":{"line":474,"column":1}},"474":{"start":{"line":475,"column":0},"end":{"line":475,"column":0}},"475":{"start":{"line":476,"column":0},"end":{"line":476,"column":80}},"476":{"start":{"line":477,"column":0},"end":{"line":477,"column":68}},"477":{"start":{"line":478,"column":0},"end":{"line":478,"column":64}},"478":{"start":{"line":479,"column":0},"end":{"line":479,"column":1}},"479":{"start":{"line":480,"column":0},"end":{"line":480,"column":0}},"480":{"start":{"line":481,"column":0},"end":{"line":481,"column":88}},"481":{"start":{"line":482,"column":0},"end":{"line":482,"column":73}},"482":{"start":{"line":483,"column":0},"end":{"line":483,"column":66}},"483":{"start":{"line":484,"column":0},"end":{"line":484,"column":0}},"484":{"start":{"line":485,"column":0},"end":{"line":485,"column":105}},"485":{"start":{"line":486,"column":0},"end":{"line":486,"column":85}},"486":{"start":{"line":487,"column":0},"end":{"line":487,"column":64}},"487":{"start":{"line":488,"column":0},"end":{"line":488,"column":0}},"488":{"start":{"line":489,"column":0},"end":{"line":489,"column":66}},"489":{"start":{"line":490,"column":0},"end":{"line":490,"column":18}},"490":{"start":{"line":491,"column":0},"end":{"line":491,"column":20}},"491":{"start":{"line":492,"column":0},"end":{"line":492,"column":26}},"492":{"start":{"line":493,"column":0},"end":{"line":493,"column":44}},"493":{"start":{"line":494,"column":0},"end":{"line":494,"column":0}},"494":{"start":{"line":495,"column":0},"end":{"line":495,"column":140}},"495":{"start":{"line":496,"column":0},"end":{"line":496,"column":0}},"496":{"start":{"line":497,"column":0},"end":{"line":497,"column":49}},"497":{"start":{"line":498,"column":0},"end":{"line":498,"column":0}},"498":{"start":{"line":499,"column":0},"end":{"line":499,"column":90}},"499":{"start":{"line":500,"column":0},"end":{"line":500,"column":32}},"500":{"start":{"line":501,"column":0},"end":{"line":501,"column":18}},"501":{"start":{"line":502,"column":0},"end":{"line":502,"column":14}},"502":{"start":{"line":503,"column":0},"end":{"line":503,"column":20}},"503":{"start":{"line":504,"column":0},"end":{"line":504,"column":26}},"504":{"start":{"line":505,"column":0},"end":{"line":505,"column":32}},"505":{"start":{"line":506,"column":0},"end":{"line":506,"column":0}},"506":{"start":{"line":507,"column":0},"end":{"line":507,"column":73}},"507":{"start":{"line":508,"column":0},"end":{"line":508,"column":46}},"508":{"start":{"line":509,"column":0},"end":{"line":509,"column":40}},"509":{"start":{"line":510,"column":0},"end":{"line":510,"column":27}},"510":{"start":{"line":511,"column":0},"end":{"line":511,"column":55}},"511":{"start":{"line":512,"column":0},"end":{"line":512,"column":51}},"512":{"start":{"line":513,"column":0},"end":{"line":513,"column":38}},"513":{"start":{"line":514,"column":0},"end":{"line":514,"column":42}},"514":{"start":{"line":515,"column":0},"end":{"line":515,"column":54}},"515":{"start":{"line":516,"column":0},"end":{"line":516,"column":29}},"516":{"start":{"line":517,"column":0},"end":{"line":517,"column":50}},"517":{"start":{"line":518,"column":0},"end":{"line":518,"column":51}},"518":{"start":{"line":519,"column":0},"end":{"line":519,"column":23}},"519":{"start":{"line":520,"column":0},"end":{"line":520,"column":54}},"520":{"start":{"line":521,"column":0},"end":{"line":521,"column":59}},"521":{"start":{"line":522,"column":0},"end":{"line":522,"column":38}},"522":{"start":{"line":523,"column":0},"end":{"line":523,"column":47}},"523":{"start":{"line":524,"column":0},"end":{"line":524,"column":19}},"524":{"start":{"line":525,"column":0},"end":{"line":525,"column":41}},"525":{"start":{"line":526,"column":0},"end":{"line":526,"column":17}},"526":{"start":{"line":527,"column":0},"end":{"line":527,"column":27}},"527":{"start":{"line":528,"column":0},"end":{"line":528,"column":21}},"528":{"start":{"line":529,"column":0},"end":{"line":529,"column":48}},"529":{"start":{"line":530,"column":0},"end":{"line":530,"column":43}},"530":{"start":{"line":531,"column":0},"end":{"line":531,"column":54}},"531":{"start":{"line":532,"column":0},"end":{"line":532,"column":36}},"532":{"start":{"line":533,"column":0},"end":{"line":533,"column":25}},"533":{"start":{"line":534,"column":0},"end":{"line":534,"column":48}},"534":{"start":{"line":535,"column":0},"end":{"line":535,"column":33}},"535":{"start":{"line":536,"column":0},"end":{"line":536,"column":15}},"536":{"start":{"line":537,"column":0},"end":{"line":537,"column":49}},"537":{"start":{"line":538,"column":0},"end":{"line":538,"column":48}},"538":{"start":{"line":539,"column":0},"end":{"line":539,"column":58}},"539":{"start":{"line":540,"column":0},"end":{"line":540,"column":38}},"540":{"start":{"line":541,"column":0},"end":{"line":541,"column":3}},"541":{"start":{"line":542,"column":0},"end":{"line":542,"column":0}},"542":{"start":{"line":543,"column":0},"end":{"line":543,"column":75}},"543":{"start":{"line":544,"column":0},"end":{"line":544,"column":52}},"544":{"start":{"line":545,"column":0},"end":{"line":545,"column":19}},"545":{"start":{"line":546,"column":0},"end":{"line":546,"column":34}},"546":{"start":{"line":547,"column":0},"end":{"line":547,"column":30}},"547":{"start":{"line":548,"column":0},"end":{"line":548,"column":17}},"548":{"start":{"line":549,"column":0},"end":{"line":549,"column":21}},"549":{"start":{"line":550,"column":0},"end":{"line":550,"column":33}},"550":{"start":{"line":551,"column":0},"end":{"line":551,"column":29}},"551":{"start":{"line":552,"column":0},"end":{"line":552,"column":30}},"552":{"start":{"line":553,"column":0},"end":{"line":553,"column":23}},"553":{"start":{"line":554,"column":0},"end":{"line":554,"column":33}},"554":{"start":{"line":555,"column":0},"end":{"line":555,"column":38}},"555":{"start":{"line":556,"column":0},"end":{"line":556,"column":17}},"556":{"start":{"line":557,"column":0},"end":{"line":557,"column":26}},"557":{"start":{"line":558,"column":0},"end":{"line":558,"column":20}},"558":{"start":{"line":559,"column":0},"end":{"line":559,"column":17}},"559":{"start":{"line":560,"column":0},"end":{"line":560,"column":27}},"560":{"start":{"line":561,"column":0},"end":{"line":561,"column":21}},"561":{"start":{"line":562,"column":0},"end":{"line":562,"column":27}},"562":{"start":{"line":563,"column":0},"end":{"line":563,"column":22}},"563":{"start":{"line":564,"column":0},"end":{"line":564,"column":33}},"564":{"start":{"line":565,"column":0},"end":{"line":565,"column":15}},"565":{"start":{"line":566,"column":0},"end":{"line":566,"column":25}},"566":{"start":{"line":567,"column":0},"end":{"line":567,"column":27}},"567":{"start":{"line":568,"column":0},"end":{"line":568,"column":12}},"568":{"start":{"line":569,"column":0},"end":{"line":569,"column":15}},"569":{"start":{"line":570,"column":0},"end":{"line":570,"column":28}},"570":{"start":{"line":571,"column":0},"end":{"line":571,"column":27}},"571":{"start":{"line":572,"column":0},"end":{"line":572,"column":37}},"572":{"start":{"line":573,"column":0},"end":{"line":573,"column":17}},"573":{"start":{"line":574,"column":0},"end":{"line":574,"column":3}},"574":{"start":{"line":575,"column":0},"end":{"line":575,"column":0}},"575":{"start":{"line":576,"column":0},"end":{"line":576,"column":113}},"576":{"start":{"line":577,"column":0},"end":{"line":577,"column":81}},"577":{"start":{"line":578,"column":0},"end":{"line":578,"column":78}},"578":{"start":{"line":579,"column":0},"end":{"line":579,"column":143}},"579":{"start":{"line":580,"column":0},"end":{"line":580,"column":71}},"580":{"start":{"line":581,"column":0},"end":{"line":581,"column":82}},"581":{"start":{"line":582,"column":0},"end":{"line":582,"column":63}},"582":{"start":{"line":583,"column":0},"end":{"line":583,"column":81}},"583":{"start":{"line":584,"column":0},"end":{"line":584,"column":90}},"584":{"start":{"line":585,"column":0},"end":{"line":585,"column":149}},"585":{"start":{"line":586,"column":0},"end":{"line":586,"column":69}},"586":{"start":{"line":587,"column":0},"end":{"line":587,"column":71}},"587":{"start":{"line":588,"column":0},"end":{"line":588,"column":169}},"588":{"start":{"line":589,"column":0},"end":{"line":589,"column":142}},"589":{"start":{"line":590,"column":0},"end":{"line":590,"column":59}},"590":{"start":{"line":591,"column":0},"end":{"line":591,"column":3}},"591":{"start":{"line":592,"column":0},"end":{"line":592,"column":0}},"592":{"start":{"line":593,"column":0},"end":{"line":593,"column":106}},"593":{"start":{"line":594,"column":0},"end":{"line":594,"column":20}},"594":{"start":{"line":595,"column":0},"end":{"line":595,"column":1}},"595":{"start":{"line":596,"column":0},"end":{"line":596,"column":0}},"596":{"start":{"line":597,"column":0},"end":{"line":597,"column":111}},"597":{"start":{"line":598,"column":0},"end":{"line":598,"column":75}},"598":{"start":{"line":599,"column":0},"end":{"line":599,"column":79}},"599":{"start":{"line":600,"column":0},"end":{"line":600,"column":71}},"600":{"start":{"line":601,"column":0},"end":{"line":601,"column":63}},"601":{"start":{"line":602,"column":0},"end":{"line":602,"column":137}},"602":{"start":{"line":603,"column":0},"end":{"line":603,"column":59}},"603":{"start":{"line":604,"column":0},"end":{"line":604,"column":3}},"604":{"start":{"line":605,"column":0},"end":{"line":605,"column":0}},"605":{"start":{"line":606,"column":0},"end":{"line":606,"column":115}},"606":{"start":{"line":607,"column":0},"end":{"line":607,"column":78}},"607":{"start":{"line":608,"column":0},"end":{"line":608,"column":71}},"608":{"start":{"line":609,"column":0},"end":{"line":609,"column":83}},"609":{"start":{"line":610,"column":0},"end":{"line":610,"column":79}},"610":{"start":{"line":611,"column":0},"end":{"line":611,"column":67}},"611":{"start":{"line":612,"column":0},"end":{"line":612,"column":63}},"612":{"start":{"line":613,"column":0},"end":{"line":613,"column":69}},"613":{"start":{"line":614,"column":0},"end":{"line":614,"column":69}},"614":{"start":{"line":615,"column":0},"end":{"line":615,"column":156}},"615":{"start":{"line":616,"column":0},"end":{"line":616,"column":124}},"616":{"start":{"line":617,"column":0},"end":{"line":617,"column":59}},"617":{"start":{"line":618,"column":0},"end":{"line":618,"column":3}},"618":{"start":{"line":619,"column":0},"end":{"line":619,"column":0}},"619":{"start":{"line":620,"column":0},"end":{"line":620,"column":127}},"620":{"start":{"line":621,"column":0},"end":{"line":621,"column":75}},"621":{"start":{"line":622,"column":0},"end":{"line":622,"column":84}},"622":{"start":{"line":623,"column":0},"end":{"line":623,"column":89}},"623":{"start":{"line":624,"column":0},"end":{"line":624,"column":76}},"624":{"start":{"line":625,"column":0},"end":{"line":625,"column":63}},"625":{"start":{"line":626,"column":0},"end":{"line":626,"column":90}},"626":{"start":{"line":627,"column":0},"end":{"line":627,"column":77}},"627":{"start":{"line":628,"column":0},"end":{"line":628,"column":92}},"628":{"start":{"line":629,"column":0},"end":{"line":629,"column":98}},"629":{"start":{"line":630,"column":0},"end":{"line":630,"column":85}},"630":{"start":{"line":631,"column":0},"end":{"line":631,"column":59}},"631":{"start":{"line":632,"column":0},"end":{"line":632,"column":3}},"632":{"start":{"line":633,"column":0},"end":{"line":633,"column":0}},"633":{"start":{"line":634,"column":0},"end":{"line":634,"column":123}},"634":{"start":{"line":635,"column":0},"end":{"line":635,"column":71}},"635":{"start":{"line":636,"column":0},"end":{"line":636,"column":70}},"636":{"start":{"line":637,"column":0},"end":{"line":637,"column":63}},"637":{"start":{"line":638,"column":0},"end":{"line":638,"column":59}},"638":{"start":{"line":639,"column":0},"end":{"line":639,"column":3}},"639":{"start":{"line":640,"column":0},"end":{"line":640,"column":0}},"640":{"start":{"line":641,"column":0},"end":{"line":641,"column":102}},"641":{"start":{"line":642,"column":0},"end":{"line":642,"column":18}},"642":{"start":{"line":643,"column":0},"end":{"line":643,"column":1}},"643":{"start":{"line":644,"column":0},"end":{"line":644,"column":0}},"644":{"start":{"line":645,"column":0},"end":{"line":645,"column":127}},"645":{"start":{"line":646,"column":0},"end":{"line":646,"column":69}},"646":{"start":
[...]
:374,"column":56}},"374":{"start":{"line":375,"column":0},"end":{"line":375,"column":8}},"375":{"start":{"line":376,"column":0},"end":{"line":376,"column":34}},"376":{"start":{"line":377,"column":0},"end":{"line":377,"column":4}},"377":{"start":{"line":378,"column":0},"end":{"line":378,"column":2}},"378":{"start":{"line":379,"column":0},"end":{"line":379,"column":0}},"379":{"start":{"line":380,"column":0},"end":{"line":380,"column":17}},"380":{"start":{"line":381,"column":0},"end":{"line":381,"column":19}},"381":{"start":{"line":382,"column":0},"end":{"line":382,"column":15}},"382":{"start":{"line":383,"column":0},"end":{"line":383,"column":9}},"383":{"start":{"line":384,"column":0},"end":{"line":384,"column":25}},"384":{"start":{"line":385,"column":0},"end":{"line":385,"column":3}},"385":{"start":{"line":386,"column":0},"end":{"line":386,"column":21}},"386":{"start":{"line":387,"column":0},"end":{"line":387,"column":0}},"387":{"start":{"line":388,"column":0},"end":{"line":388,"column":67}},"388":{"start":{"line":389,"column":0},"end":{"line":389,"column":36}},"389":{"start":{"line":390,"column":0},"end":{"line":390,"column":23}},"390":{"start":{"line":391,"column":0},"end":{"line":391,"column":20}},"391":{"start":{"line":392,"column":0},"end":{"line":392,"column":12}},"392":{"start":{"line":393,"column":0},"end":{"line":393,"column":51}},"393":{"start":{"line":394,"column":0},"end":{"line":394,"column":31}},"394":{"start":{"line":395,"column":0},"end":{"line":395,"column":18}},"395":{"start":{"line":396,"column":0},"end":{"line":396,"column":32}},"396":{"start":{"line":397,"column":0},"end":{"line":397,"column":37}},"397":{"start":{"line":398,"column":0},"end":{"line":398,"column":12}},"398":{"start":{"line":399,"column":0},"end":{"line":399,"column":35}},"399":{"start":{"line":400,"column":0},"end":{"line":400,"column":10}},"400":{"start":{"line":401,"column":0},"end":{"line":401,"column":7}},"401":{"start":{"line":402,"column":0},"end":{"line":402,"column":12}},"402":{"start":{"line":403,"column":0},"end":{"line":403,"column":51}},"403":{"start":{"line":404,"column":0},"end":{"line":404,"column":31}},"404":{"start":{"line":405,"column":0},"end":{"line":405,"column":35}},"405":{"start":{"line":406,"column":0},"end":{"line":406,"column":10}},"406":{"start":{"line":407,"column":0},"end":{"line":407,"column":8}},"407":{"start":{"line":408,"column":0},"end":{"line":408,"column":0}},"408":{"start":{"line":409,"column":0},"end":{"line":409,"column":10}},"409":{"start":{"line":410,"column":0},"end":{"line":410,"column":37}},"410":{"start":{"line":411,"column":0},"end":{"line":411,"column":14}},"411":{"start":{"line":412,"column":0},"end":{"line":412,"column":38}},"412":{"start":{"line":413,"column":0},"end":{"line":413,"column":33}},"413":{"start":{"line":414,"column":0},"end":{"line":414,"column":37}},"414":{"start":{"line":415,"column":0},"end":{"line":415,"column":42}},"415":{"start":{"line":416,"column":0},"end":{"line":416,"column":8}},"416":{"start":{"line":417,"column":0},"end":{"line":417,"column":54}},"417":{"start":{"line":418,"column":0},"end":{"line":418,"column":12}},"418":{"start":{"line":419,"column":0},"end":{"line":419,"column":4}},"419":{"start":{"line":420,"column":0},"end":{"line":420,"column":2}},"420":{"start":{"line":421,"column":0},"end":{"line":421,"column":0}},"421":{"start":{"line":422,"column":0},"end":{"line":422,"column":29}},"422":{"start":{"line":423,"column":0},"end":{"line":423,"column":15}},"423":{"start":{"line":424,"column":0},"end":{"line":424,"column":22}},"424":{"start":{"line":425,"column":0},"end":{"line":425,"column":12}},"425":{"start":{"line":426,"column":0},"end":{"line":426,"column":13}},"426":{"start":{"line":427,"column":0},"end":{"line":427,"column":15}},"427":{"start":{"line":428,"column":0},"end":{"line":428,"column":3}},"428":{"start":{"line":429,"column":0},"end":{"line":429,"column":0}},"429":{"start":{"line":430,"column":0},"end":{"line":430,"column":59}},"430":{"start":{"line":431,"column":0},"end":{"line":431,"column":15}},"431":{"start":{"line":432,"column":0},"end":{"line":432,"column":22}},"432":{"start":{"line":433,"column":0},"end":{"line":433,"column":6}},"433":{"start":{"line":434,"column":0},"end":{"line":434,"column":27}},"434":{"start":{"line":435,"column":0},"end":{"line":435,"column":38}},"435":{"start":{"line":436,"column":0},"end":{"line":436,"column":24}},"436":{"start":{"line":437,"column":0},"end":{"line":437,"column":40}},"437":{"start":{"line":438,"column":0},"end":{"line":438,"column":25}},"438":{"start":{"line":439,"column":0},"end":{"line":439,"column":41}},"439":{"start":{"line":440,"column":0},"end":{"line":440,"column":24}},"440":{"start":{"line":441,"column":0},"end":{"line":441,"column":40}},"441":{"start":{"line":442,"column":0},"end":{"line":442,"column":27}},"442":{"start":{"line":443,"column":0},"end":{"line":443,"column":43}},"443":{"start":{"line":444,"column":0},"end":{"line":444,"column":14}},"444":{"start":{"line":445,"column":0},"end":{"line":445,"column":43}},"445":{"start":{"line":446,"column":0},"end":{"line":446,"column":5}},"446":{"start":{"line":447,"column":0},"end":{"line":447,"column":4}},"447":{"start":{"line":448,"column":0},"end":{"line":448,"column":0}},"448":{"start":{"line":449,"column":0},"end":{"line":449,"column":75}},"449":{"start":{"line":450,"column":0},"end":{"line":450,"column":0}},"450":{"start":{"line":451,"column":0},"end":{"line":451,"column":47}},"451":{"start":{"line":452,"column":0},"end":{"line":452,"column":33}},"452":{"start":{"line":453,"column":0},"end":{"line":453,"column":54}},"453":{"start":{"line":454,"column":0},"end":{"line":454,"column":6}},"454":{"start":{"line":455,"column":0},"end":{"line":455,"column":2}},"455":{"start":{"line":456,"column":0},"end":{"line":456,"column":0}},"456":{"start":{"line":457,"column":0},"end":{"line":457,"column":25}},"457":{"start":{"line":458,"column":0},"end":{"line":458,"column":19}},"458":{"start":{"line":459,"column":0},"end":{"line":459,"column":15}},"459":{"start":{"line":460,"column":0},"end":{"line":460,"column":31}},"460":{"start":{"line":461,"column":0},"end":{"line":461,"column":28}},"461":{"start":{"line":462,"column":0},"end":{"line":462,"column":0}},"462":{"start":{"line":463,"column":0},"end":{"line":463,"column":32}},"463":{"start":{"line":464,"column":0},"end":{"line":464,"column":19}},"464":{"start":{"line":465,"column":0},"end":{"line":465,"column":15}},"465":{"start":{"line":466,"column":0},"end":{"line":466,"column":31}},"466":{"start":{"line":467,"column":0},"end":{"line":467,"column":6}},"467":{"start":{"line":468,"column":0},"end":{"line":468,"column":73}},"468":{"start":{"line":469,"column":0},"end":{"line":469,"column":41}},"469":{"start":{"line":470,"column":0},"end":{"line":470,"column":5}},"470":{"start":{"line":471,"column":0},"end":{"line":471,"column":0}},"471":{"start":{"line":472,"column":0},"end":{"line":472,"column":24}},"472":{"start":{"line":473,"column":0},"end":{"line":473,"column":73}},"473":{"start":{"line":474,"column":0},"end":{"line":474,"column":0}},"474":{"start":{"line":475,"column":0},"end":{"line":475,"column":74}},"475":{"start":{"line":476,"column":0},"end":{"line":476,"column":30}},"476":{"start":{"line":477,"column":0},"end":{"line":477,"column":5}},"477":{"start":{"line":478,"column":0},"end":{"line":478,"column":0}},"478":{"start":{"line":479,"column":0},"end":{"line":479,"column":41}},"479":{"start":{"line":480,"column":0},"end":{"line":480,"column":43}},"480":{"start":{"line":481,"column":0},"end":{"line":481,"column":0}},"481":{"start":{"line":482,"column":0},"end":{"line":482,"column":40}},"482":{"start":{"line":483,"column":0},"end":{"line":483,"column":13}},"483":{"start":{"line":484,"column":0},"end":{"line":484,"column":3}},"484":{"start":{"line":485,"column":0},"end":{"line":485,"column":0}},"485":{"start":{"line":486,"column":0},"end":{"line":486,"column":23}},"486":{"start":{"line":487,"column":0},"end":{"line":487,"column":16}},"487":{"start":{"line":488,"column":0},"end":{"line":488,"column":3}},"488":{"start":{"line":489,"column":0},"end":{"line":489,"column":0}},"489":{"start":{"line":490,"column":0},"end":{"line":490,"column":32}},"490":{"start":{"line":491,"column":0},"end":{"line":491,"column":2}},"491":{"start":{"line":492,"column":0},"end":{"line":492,"column":0}},"492":{"start":{"line":493,"column":0},"end":{"line":493,"column":22}},"493":{"start":{"line":494,"column":0},"end":{"line":494,"column":19}},"494":{"start":{"line":495,"column":0},"end":{"line":495,"column":15}},"495":{"start":{"line":496,"column":0},"end":{"line":496,"column":11}},"496":{"start":{"line":497,"column":0},"end":{"line":497,"column":29}},"497":{"start":{"line":498,"column":0},"end":{"line":498,"column":3}},"498":{"start":{"line":499,"column":0},"end":{"line":499,"column":25}},"499":{"start":{"line":500,"column":0},"end":{"line":500,"column":0}},"500":{"start":{"line":501,"column":0},"end":{"line":501,"column":36}},"501":{"start":{"line":502,"column":0},"end":{"line":502,"column":19}},"502":{"start":{"line":503,"column":0},"end":{"line":503,"column":15}},"503":{"start":{"line":504,"column":0},"end":{"line":504,"column":11}},"504":{"start":{"line":505,"column":0},"end":{"line":505,"column":29}},"505":{"start":{"line":506,"column":0},"end":{"line":506,"column":3}},"506":{"start":{"line":507,"column":0},"end":{"line":507,"column":6}},"507":{"start":{"line":508,"column":0},"end":{"line":508,"column":65}},"508":{"start":{"line":509,"column":0},"end":{"line":509,"column":25}},"509":{"start":{"line":510,"column":0},"end":{"line":510,"column":29}},"510":{"start":{"line":511,"column":0},"end":{"line":511,"column":5}},"511":{"start":{"line":512,"column":0},"end":{"line":512,"column":0}},"512":{"start":{"line":513,"column":0},"end":{"line":513,"column":45}},"513":{"start":{"line":514,"column":0},"end":{"line":514,"column":40}},"514":{"start":{"line":515,"column":0},"end":{"line":515,"column":79}},"515":{"start":{"line":516,"column":0},"end":{"line":516,"column":17}},"516":{"start":{"line":517,"column":0},"end":{"line":517,"column":32}},"517":{"start":{"line":518,"column":0},"end":{"line":518,"column":9}},"518":{"start":{"line":519,"column":0},"end":{"line":519,"column":0}},"519":{"start":{"line":520,"column":0},"end":{"line":520,"column":35}},"520":{"start":{"line":521,"column":0},"end":{"line":521,"column":37}},"521":{"start":{"line":522,"column":0},"end":{"line":522,"column":45}},"522":{"start":{"line":523,"column":0},"end":{"line":523,"column":9}},"523":{"start":{"line":524,"column":0},"end":{"line":524,"column":0}},"524":{"start":{"line":525,"column":0},"end":{"line":525,"column":63}},"525":{"start":{"line":526,"column":0},"end":{"line":526,"column":45}},"526":{"start":{"line":527,"column":0},"end":{"line":527,"column":9}},"527":{"start":{"line":528,"column":0},"end":{"line":528,"column":0}},"528":{"start":{"line":529,"column":0},"end":{"line":529,"column":44}},"529":{"start":{"line":530,"column":0},"end":{"line":530,"column":7}},"530":{"start":{"line":531,"column":0},"end":{"line":531,"column":0}},"531":{"start":{"line":532,"column":0},"end":{"line":532,"column":41}},"532":{"start":{"line":533,"column":0},"end":{"line":533,"column":6}},"533":{"start":{"line":534,"column":0},"end":{"line":534,"column":4}},"534":{"start":{"line":535,"column":0},"end":{"line":535,"column":0}},"535":{"start":{"line":536,"column":0},"end":{"line":536,"column":25}},"536":{"start":{"line":537,"column":0},"end":{"line":537,"column":55}},"537":{"start":{"line":538,"column":0},"end":{"line":538,"column":54}},"538":{"start":{"line":539,"column":0},"end":{"line":539,"column":2}},"539":{"start":{"line":540,"column":0},"end":{"line":540,"column":0}},"540":{"start":{"line":541,"column":0},"end":{"line":541,"column":37}},"541":{"start":{"line":542,"column":0},"end":{"line":542,"column":18}},"542":{"start":{"line":543,"column":0},"end":{"line":543,"column":20}},"543":{"start":{"line":544,"column":0},"end":{"line":544,"column":11}},"544":{"start":{"line":545,"column":0},"end":{"line":545,"column":11}},"545":{"start":{"line":546,"column":0},"end":{"line":546,"column":18}},"546":{"start":{"line":547,"column":0},"end":{"line":547,"column":23}},"547":{"start":{"line":548,"column":0},"end":{"line":548,"column":19}},"548":{"start":{"line":549,"column":0},"end":{"line":549,"column":16}},"549":{"start":{"line":550,"column":0},"end":{"line":550,"column":17}},"550":{"start":{"line":551,"column":0},"end":{"line":551,"column":19}},"551":{"start":{"line":552,"column":0},"end":{"line":552,"column":2}}},"s":{"0":1,"1":1,"2":1,"3":1,"4":1,"5":1,"6":1,"7":1,"8":1,"9":1,"10":1,"11":1,"12":1,"13":1,"14":1,"15":1,"16":1,"17":1,"18":1,"19":1,"20":1,"21":1,"22":1,"23":1,"24":1,"25":1,"26":1,"27":1,"28":1,"29":1,"30":1,"31":1,"32":1,"33":1,"34":1,"35":1,"36":1,"37":1,"38":1,"39":1,"40":1,"41":1,"42":1,"43":1,"44":1,"45":1,"46":1,"47":1,"48":1,"49":1,"50":1,"51":1,"52":1,"53":1,"54":1,"55":1,"56":1,"57":1,"58":1,"59":0,"60":0,"61":0,"62":0,"63":0,"64":0,"65":0,"66":0,"67":0,"68":0,"69":0,"70":0,"71":0,"72":0,"73":0,"74":0,"75":0,"76":0,"77":0,"78":0,"79":0,"80":0,"81":0,"82":0,"83":0,"84":0,"85":0,"86":0,"87":0,"88":0,"89":0,"90":0,"91":0,"92":0,"93":0,"94":0,"95":0,"96":0,"97":0,"98":0,"99":0,"100":0,"101":0,"102":0,"103":0,"104":0,"105":0,"106":0,"107":0,"108":0,"109":0,"110":0,"111":0,"112":0,"113":0,"114":0,"115":0,"116":0,"117":0,"118":1,"119":1,"120":1,"121":1,"122":1,"123":1,"124":1,"125":1,"126":1,"127":1,"128":1,"129":1,"130":1,"131":1,"132":1,"133":1,"134":1,"135":0,"136":0,"137":0,"138":0,"139":0,"140":0,"141":0,"142":0,"143":0,"144":0,"145":0,"146":0,"147":0,"148":0,"149":0,"150":0,"151":0,"152":0,"153":0,"154":0,"155":0,"156":0,"157":0,"158":0,"159":0,"160":0,"161":0,"162":0,"163":0,"164":0,"165":0,"166":0,"167":0,"168":0,"169":0,"170":0,"171":0,"172":0,"173":0,"174":0,"175":0,"176":1,"177":1,"178":1,"179":1,"180":1,"181":1,"182":1,"183":1,"184":1,"185":1,"186":1,"187":1,"188":1,"189":1,"190":1,"191":1,"192":1,"193":1,"194":1,"195":1,"196":1,"197":1,"198":1,"199":1,"200":0,"201":0,"202":0,"203":0,"204":0,"205":0,"206":0,"207":0,"208":1,"209":1,"210":1,"211":1,"212":1,"213":1,"214":1,"215":1,"216":1,"217":1,"218":1,"219":1,"220":1,"221":1,"222":1,"223":1,"224":1,"225":1,"226":1,"227":1,"228":1,"229":1,"230":1,"231":1,"232":1,"233":1,"234":1,"235":1,"236":1,"237":1,"238":1,"239":1,"240":1,"241":1,"242":1,"243":0,"244":0,"245":0,"246":0,"247":0,"248":0,"249":0,"250":0,"251":0,"252":0,"253":0,"254":0,"255":0,"256":0,"257":0,"258":0,"259":0,"260":0,"261":0,"262":0,"263":0,"264":0,"265":0,"266":0,"267":0,"268":0,"269":0,"270":0,"271":0,"272":0,"273":0,"274":0,"275":0,"276":0,"277":0,"278":1,"279":1,"280":1,"281":1,"282":1,"283":1,"284":1,"285":1,"286":1,"287":1,"288":0,"289":0,"290":0,"291":0,"292":0,"293":0,"294":0,"295":0,"296":0,"297":0,"298":0,"299":0,"300":0,"301":0,"302":0,"303":0,"304":0,"305":0,"306":0,"307":0,"308":0,"309":0,"310":0,"311":0,"312":0,"313":0,"314":0,"315":0,"316":0,"317":0,"318":0,"319":0,"320":0,"321":0,"322":0,"323":0,"324":0,"325":0,"326":0,"327":0,"328":0,"329":0,"330":1,"331":1,"332":1,"333":1,"334":1,"335":1,"336":1,"337":1,"338":1,"339":1,"340":0,"341":0,"342":0,"343":0,"344":0,"345":0,"346":0,"347":0,"348":0,"349":0,"350":0,"351":0,"352":0,"353":0,"354":0,"355":0,"356":0,"357":0,"358":0,"359":0,"360":0,"361":0,"362":0,"363":0,"364":0,"365":0,"366":0,"367":0,"368":0,"369":0,"370":0,"371":0,"372":0,"373":0,"374":0,"375":0,"376":0,"377":0,"378":1,"379":1,"380":1,"381":1,"382":1,"383":1,"384":1,"385":1,"386":1,"387":1,"388":0,"389":0,"390":0,"391":0,"392":0,"393":0,"394":0,"395":0,"396":0,"397":0,"398":0,"399":0,"400":0,"401":0,"402":0,"403":0,"404":0,"405":0,"406":0,"407":0,"408":0,"409":0,"410":0,"411":0,"412":0,"413":0,"414":0,"415":0,"416":0,"417":0,"418":0,"419":0,"420":1,"421":1,"422":1,"423":1,"424":1,"425":1,"426":1,"427":1,"428":1,"429":1,"430":0,"431":0,"432":0,"433":0,"434":0,"435":0,"436":0,"437":0,"438":0,"439":0,"440":0,"441":0,"442":0,"443":0,"444":0,"445":0,"446":0,"447":0,"448":0,"449":0,"450":0,"451":0,"452":0,"453":0,"454":0,"455":1,"456":1,"457":1,"458":1,"459":1,"460":1,"461":1,"462":1,"463":0,"464":0,"465":0,"466":0,"467":0,"468":0,"469":0,"470":0,"471":0,"472":0,"473":0,"474":0,"475":0,"476":0,"477":0,"478":0,"479":0,"480":0,"481":0,"482":0,"483":0,"484":0,"485":0,"486":0,"487":0,"488":0,"489":0,"490":0,"491":1,"492":1,"493":1,"494":1,"495":1,"496":1,"497":1,"498":1,"499":1,"500":1,"501":0,"502":0,"503":0,"504":0,"505":0,"506":0,"507":0,"508":0,"509":0,"510":0,"511":0,"512":0,"513":0,"514":0,"515":0,"516":0,"517":0,"518":0,"519":0,"520":0,"521":0,"522":0,"523":0,"524":0,"525":0,"526":0,"527":0,"528":0,"529":0,"530":0,"531":0,"532":0,"533":0,"534":0,"535":0,"536":0,"537":0,"538":0,"539":1,"540":1,"541":1,"542":1,"543":1,"544":1,"545":1,"546":1,"547":1,"548":1,"549":1,"550":1,"551":1},"branchMap":{"0":{"type":"branch","line":192,"loc":{"start":{"line":192,"column":48},"end":{"line":233,"column":2}},"locations":[{"start":{"line":192,"column":48},"end":{"line":233,"column":2}}]},"1":{"type":"branch","line":198,"loc":{"start":{"line":198,"column":4},"end":{"line":198,"column":23}},"locations":[{"start":{"line":198,"column":4},"end":{"line":198,"column":23}}]},"2":{"type":"branch","line":200,"loc":{"start":{"line":200,"column":4},"end":{"line":208,"column":10}},"locations":[{"start":{"line":200,"column":4},"end":{"line":208,"column":10}}]},"3":{"type":"branch","line":227,"loc":{"start":{"line":227,"column":27},"end":{"line":227,"column":35}},"locations":[{"start":{"line":227,"column":27},"end":{"line":227,"column":35}}]},"4":{"type":"branch","line":228,"loc":{"start":{"line":228,"column":27},"end":{"line":228,"column":34}},"locations":[{"start":{"line":228,"column":27},"end":{"line":228,"column":34}}]},"5":{"type":"branch","line":231,"loc":{"start":{"line":231,"column":4},"end":{"line":231,"column":56}},"locations":[{"start":{"line":231,"column":4},"end":{"line":231,"column":56}}]}},"b":{"0":[1],"1":[0],"2":[0],"3":[0],"4":[0],"5":[5]},"fnMap":{"0":{"name":"getDailyBalance","decl":{"start":{"line":59,"column":48},"end":{"line":118,"column":2}},"loc":{"start":{"line":59,"column":48},"end":{"line":118,"column":2}},"line":59},"1":{"name":"getMonthlyBalance","decl":{"start":{"line":135,"column":52},"end":{"line":176,"column":2}},"loc":{"start":{"line":135,"column":52},"end":{"line":176,"column":2}},"line":135},"2":{"name":"getTransactions","decl":{"start":{"line":192,"column":48},"end":{"line":233,"column":2}},"loc":{"start":{"line":192,"column":48},"end":{"line":233,"column":2}},"line":192},"3":{"name":"getTotal","decl":{"start":{"line":243,"column":34},"end":{"line":278,"column":2}},"loc":{"start":{"line":243,"column":34},"end":{"line":278,"column":2}},"line":243},"4":{"name":"getTotalExpenses","decl":{"start":{"line":288,"column":50},"end":{"line":330,"column":2}},"loc":{"start":{"line":288,"column":50},"end":{"line":330,"column":2}},"line":288},"5":{"name":"getTotalIncome","decl":{"start":{"line":340,"column":46},"end":{"line":378,"column":2}},"loc":{"start":{"line":340,"column":46},"end":{"line":378,"column":2}},"line":340},"6":{"name":"getCount","decl":{"start":{"line":388,"column":34},"end":{"line":420,"column":2}},"loc":{"start":{"line":388,"column":34},"end":{"line":420,"column":2}},"line":388},"7":{"name":"getTransactionGroups","decl":{"start":{"line":430,"column":58},"end":{"line":455,"column":2}},"loc":{"start":{"line":430,"column":58},"end":{"line":455,"column":2}},"line":430},"8":{"name":"getChangePercent","decl":{"start":{"line":463,"column":25},"end":{"line":491,"column":2}},"loc":{"start":{"line":463,"column":25},"end":{"line":491,"column":2}},"line":463},"9":{"name":"getCategories","decl":{"start":{"line":501,"column":29},"end":{"line":539,"column":2}},"loc":{"start":{"line":501,"column":29},"end":{"line":539,"column":2}},"line":501}},"f":{"0":0,"1":0,"2":1,"3":0,"4":0,"5":0,"6":0,"7":0,"8":0,"9":0}}
}
